#
# A fatal error has been detected by the Java Runtime Environment:
#
#  EXCEPTION_ACCESS_VIOLATION (0xc0000005) at pc=0x00007ffda19fb5b1, pid=6432, tid=1064
#
# JRE version: OpenJDK Runtime Environment (11.0.12+7) (build 11.0.12+7-b1504.28-7817840)
# Java VM: OpenJDK 64-Bit Server VM (11.0.12+7-b1504.28-7817840, mixed mode, tiered, compressed oops, g1 gc, windows-amd64)
# Problematic frame:
# V  [jvm.dll+0x35b5b1]
#
# No core dump will be written. Minidumps are not enabled by default on client versions of Windows
#
# If you would like to submit a bug report, please visit:
#   https://bugreport.java.com/bugreport/crash.jsp
#

---------------  S U M M A R Y ------------

Command Line: --add-opens=java.base/java.util=ALL-UNNAMED --add-opens=java.base/java.lang=ALL-UNNAMED --add-opens=java.base/java.lang.invoke=ALL-UNNAMED --add-opens=java.base/java.util=ALL-UNNAMED --add-opens=java.prefs/java.util.prefs=ALL-UNNAMED --add-opens=java.prefs/java.util.prefs=ALL-UNNAMED --add-opens=java.base/java.nio.charset=ALL-UNNAMED --add-opens=java.base/java.net=ALL-UNNAMED --add-opens=java.base/java.util.concurrent.atomic=ALL-UNNAMED -Xmx2048m -Dfile.encoding=UTF-8 -Duser.country=US -Duser.language=en -Duser.variant org.gradle.launcher.daemon.bootstrap.GradleDaemon 7.3.3

Host: Intel(R) Core(TM) i5-2430M CPU @ 2.40GHz, 4 cores, 7G,  Windows 10 , 64 bit Build 19041 (10.0.19041.546)
Time: Wed Sep 14 17:51:05 2022 India Standard Time elapsed time: 40.946034 seconds (0d 0h 0m 40s)

---------------  T H R E A D  ---------------

Current thread (0x000002268c0ed000):  JavaThread "C2 CompilerThread1" daemon [_thread_in_native, id=1064, stack(0x0000007c9de00000,0x0000007c9df00000)]


Current CompileTask:
C2:  40946 12211   !   4       sun.nio.fs.WindowsDirectoryStream$WindowsDirectoryIterator::readNextEntry (199 bytes)

Stack: [0x0000007c9de00000,0x0000007c9df00000],  sp=0x0000007c9defbc50,  free space=1007k
Native frames: (J=compiled Java code, j=interpreted, Vv=VM code, C=native code)
V  [jvm.dll+0x35b5b1]
V  [jvm.dll+0x35a083]
V  [jvm.dll+0x19cef0]
V  [jvm.dll+0x20070e]
V  [jvm.dll+0x1ff794]
V  [jvm.dll+0x18868c]
V  [jvm.dll+0x20e0d7]
V  [jvm.dll+0x20c901]
V  [jvm.dll+0x6f9b7f]
V  [jvm.dll+0x6f26a5]
V  [jvm.dll+0x5fabf6]
C  [ucrtbase.dll+0x214c2]
C  [KERNEL32.DLL+0x17034]
C  [ntdll.dll+0x4cec1]


siginfo: EXCEPTION_ACCESS_VIOLATION (0xc0000005), reading address 0xffffffffffffffff


Register to memory mapping:

RIP=0x00007ffda19fb5b1 jvm.dll
RAX=0x000002268c27c810 points into unknown readable memory: 0x00017ffda20ac898 | 98 c8 0a a2 fd 7f 01 00
RBX=0x000000000000000a is an unknown value
RCX=0x000000000000000a is an unknown value
RDX=0x0000000000000400 is an unknown value
RSP=0x0000007c9defbc50 is pointing into the stack for thread: 0x000002268c0ed000
RBP=0x0000000000000326 is an unknown value
RSI=0x0000000000000006 is an unknown value
RDI=0x000002268c27c800 points into unknown readable memory: 0x0001000000000000 | 00 00 00 00 00 00 01 00
R8 =0x00017ffda20ac898 is an unknown value
R9 =0x0000007c9defbc70 is pointing into the stack for thread: 0x000002268c0ed000
R10=0x00007ffda16a0000 jvm.dll
R11=0x000000000000000a is an unknown value
R12=0x00007ffda16a0000 jvm.dll
R13=0x00007ffda20ac898 jvm.dll
R14=0x000002268e4d51d0 points into unknown readable memory: 0x3e9a5e60a28afb17 | 17 fb 8a a2 60 5e 9a 3e
R15=0x0000007c9defc320 is pointing into the stack for thread: 0x000002268c0ed000


Registers:
RAX=0x000002268c27c810, RBX=0x000000000000000a, RCX=0x000000000000000a, RDX=0x0000000000000400
RSP=0x0000007c9defbc50, RBP=0x0000000000000326, RSI=0x0000000000000006, RDI=0x000002268c27c800
R8 =0x00017ffda20ac898, R9 =0x0000007c9defbc70, R10=0x00007ffda16a0000, R11=0x000000000000000a
R12=0x00007ffda16a0000, R13=0x00007ffda20ac898, R14=0x000002268e4d51d0, R15=0x0000007c9defc320
RIP=0x00007ffda19fb5b1, EFLAGS=0x0000000000010206

Top of Stack: (sp=0x0000007c9defbc50)
0x0000007c9defbc50:   000002268e4d51d0 0000000000000326
0x0000007c9defbc60:   0000007c9defc320 0000000000000000
0x0000007c9defbc70:   000000cf00000000 00007ffd00000007
0x0000007c9defbc80:   000002268e62a140 0000000000000001
0x0000007c9defbc90:   0000007c9defbd80 0000000000000006
0x0000007c9defbca0:   0000007c9defbd70 00007ffda1cf25c0
0x0000007c9defbcb0:   0000000000000006 00000226882728d0
0x0000007c9defbcc0:   0000000000000000 0000007c9defbde0
0x0000007c9defbcd0:   000002268e4d51d0 00007ffda19fa083
0x0000007c9defbce0:   0000007c9defc320 0000000000000005
0x0000007c9defbcf0:   0000022687112500 0000000000000004
0x0000007c9defbd00:   0000007c000000cc 0000007c9defbd70
0x0000007c9defbd10:   0000007c00000326 0000000600000005
0x0000007c9defbd20:   0000000d00000006 0000000000000000
0x0000007c9defbd30:   0000000600000001 0000000600000000
0x0000007c9defbd40:   0000000e00000000 00007ffd00000000 

Instructions: (pc=0x00007ffda19fb5b1)
0x00007ffda19fb4b1:   00 00 41 23 86 80 00 00 00 0b c8 8b 42 7c 41 23
0x00007ffda19fb4c1:   46 7c 0b c8 8b 42 78 41 23 46 78 0b c8 8b 42 74
0x00007ffda19fb4d1:   41 23 46 74 0b c8 8b 42 70 41 23 46 70 0b c8 8b
0x00007ffda19fb4e1:   42 6c 41 23 46 6c 0b c8 8b 42 68 41 23 46 68 0b
0x00007ffda19fb4f1:   c8 8b 42 64 41 23 46 64 0b c8 8b 42 60 41 23 46
0x00007ffda19fb501:   60 0b c8 8b 42 5c 41 23 46 5c 0b c8 8b 42 58 41
0x00007ffda19fb511:   23 46 58 0b c8 8b 42 54 41 23 46 54 0b c8 8b 42
0x00007ffda19fb521:   50 41 23 46 50 0b c8 8b 42 4c 41 23 46 4c 0b c8
0x00007ffda19fb531:   8b 42 48 41 23 46 48 0b c8 8b 42 44 41 23 46 44
0x00007ffda19fb541:   0b c8 8b 42 40 41 23 46 40 0b c8 8b 42 3c 41 23
0x00007ffda19fb551:   46 3c 0b c8 41 8b 46 38 23 42 38 0b c8 74 63 48
0x00007ffda19fb561:   8b c5 3b eb 73 04 8b c3 8b dd 48 8d 3c 80 48 c1
0x00007ffda19fb571:   e7 05 49 03 78 10 85 db 74 48 48 8b 47 08 8b cb
0x00007ffda19fb581:   48 c1 e9 08 8b f3 4c 8b 04 c8 4d 3b c5 75 0d 8b
0x00007ffda19fb591:   d3 48 8b cf e8 56 4f 00 00 4c 8b c0 48 c1 ee 05
0x00007ffda19fb5a1:   83 e3 1f 83 e6 07 0f b6 cb ba 01 00 00 00 d3 e2
0x00007ffda19fb5b1:   41 8b 0c b0 8b c1 0b c2 41 89 04 b0 85 ca 75 02
0x00007ffda19fb5c1:   ff 07 8b 44 24 20 85 c0 74 3e 44 8b 44 24 24 a8
0x00007ffda19fb5d1:   1f 75 0b c1 e8 05 41 83 c0 05 a8 1f 74 f5 8b d0
0x00007ffda19fb5e1:   83 e2 1f 42 0f b6 8c 22 f0 e0 83 00 42 0f b6 9c
0x00007ffda19fb5f1:   22 d0 e0 83 00 d3 e8 89 44 24 20 41 03 d8 42 8d
0x00007ffda19fb601:   04 01 89 44 24 24 eb 0c 48 8d 4c 24 20 e8 dd 4c
0x00007ffda19fb611:   00 00 8b d8 85 db 0f 85 53 fe ff ff 4c 8b ac 24
0x00007ffda19fb621:   a0 00 00 00 48 8b bc 24 98 00 00 00 48 8b b4 24
0x00007ffda19fb631:   90 00 00 00 48 83 c4 60 41 5f 41 5e 41 5c 5d 5b
0x00007ffda19fb641:   c3 cc cc cc cc cc cc cc cc cc cc cc cc cc cc 48
0x00007ffda19fb651:   89 5c 24 08 48 89 74 24 10 57 48 83 ec 20 49 8d
0x00007ffda19fb661:   49 38 49 8b d9 41 8b f8 e8 32 6f 2f 00 84 c0 74
0x00007ffda19fb671:   45 83 bb 90 00 00 00 00 74 3c f6 83 98 00 00 00
0x00007ffda19fb681:   06 74 07 48 8b 4c 24 60 eb 19 48 8b 15 86 73 6b
0x00007ffda19fb691:   00 48 8d 4b 38 e8 a5 19 e8 ff 85 c0 74 18 48 8b
0x00007ffda19fb6a1:   4c 24 58 0f b7 83 96 00 00 00 29 01 8b 01 3b 41 


Stack slot to memory mapping:
stack at sp + 0 slots: 0x000002268e4d51d0 points into unknown readable memory: 0x3e9a5e60a28afb17 | 17 fb 8a a2 60 5e 9a 3e
stack at sp + 1 slots: 0x0000000000000326 is an unknown value
stack at sp + 2 slots: 0x0000007c9defc320 is pointing into the stack for thread: 0x000002268c0ed000
stack at sp + 3 slots: 0x0 is NULL
stack at sp + 4 slots: 0x000000cf00000000 is an unknown value
stack at sp + 5 slots: 0x00007ffd00000007 is an unknown value
stack at sp + 6 slots: 0x000002268e62a140 points into unknown readable memory: 0x000000000000000c | 0c 00 00 00 00 00 00 00
stack at sp + 7 slots: 0x0000000000000001 is an unknown value


---------------  P R O C E S S  ---------------

Threads class SMR info:
_java_thread_list=0x000002268a491320, length=91, elements={
0x00000226ea5d8800, 0x00000226861ae000, 0x00000226861af800, 0x00000226861c5800,
0x00000226861c6800, 0x00000226861ca800, 0x00000226861d9000, 0x00000226861da000,
0x00000226861dd800, 0x0000022686c84800, 0x0000022688aaa800, 0x000002268862e800,
0x000002268928f000, 0x0000022689b30000, 0x00000226894c7000, 0x0000022689ca0000,
0x0000022688f12000, 0x000002268988e000, 0x000002268900e000, 0x0000022688a86800,
0x0000022688a87000, 0x0000022688a88000, 0x0000022688a82000, 0x0000022688a88800,
0x0000022688a84800, 0x0000022688a83000, 0x0000022688a84000, 0x0000022688a85800,
0x000002268a539800, 0x000002268a537800, 0x000002268a53a000, 0x000002268a535800,
0x000002268a53b000, 0x000002268a53c000, 0x000002268a536000, 0x000002268a53f000,
0x000002268a541800, 0x000002268a53d800, 0x000002268a53e000, 0x000002268a540000,
0x000002268a540800, 0x000002268a53c800, 0x000002268a543000, 0x000002268a544000,
0x000002268a542800, 0x000002268c65c800, 0x000002268c65d000, 0x000002268c65f000,
0x000002268c65e000, 0x000002268c664800, 0x000002268c665800, 0x000002268c661800,
0x000002268c663800, 0x000002268c65f800, 0x000002268c663000, 0x000002268c666000,
0x000002268c660800, 0x000002268c667000, 0x000002268c668000, 0x000002268c662000,
0x000002268c668800, 0x000002268c669800, 0x000002268c66a000, 0x000002268c66b000,
0x000002268c66f000, 0x000002268c66c800, 0x000002268c66e000, 0x000002268c66f800,
0x000002268c670800, 0x000002268c673000, 0x000002268c66d000, 0x000002268c677000,
0x000002268c672000, 0x000002268c675800, 0x000002268c676000, 0x000002268c673800,
0x000002268c674800, 0x000002268c671800, 0x000002268c678000, 0x000002268c678800,
0x000002268c679800, 0x000002268c67a000, 0x000002268e982800, 0x000002268e983800,
0x000002268e986800, 0x000002268e981000, 0x000002268e985800, 0x000002268e984000,
0x000002268e987800, 0x000002268e981800, 0x000002268c0ed000
}

Java Threads: ( => current thread )
  0x00000226ea5d8800 JavaThread "main" [_thread_blocked, id=1428, stack(0x0000007c98700000,0x0000007c98800000)]
  0x00000226861ae000 JavaThread "Reference Handler" daemon [_thread_blocked, id=9264, stack(0x0000007c98e00000,0x0000007c98f00000)]
  0x00000226861af800 JavaThread "Finalizer" daemon [_thread_blocked, id=4696, stack(0x0000007c98f00000,0x0000007c99000000)]
  0x00000226861c5800 JavaThread "Signal Dispatcher" daemon [_thread_blocked, id=5932, stack(0x0000007c99000000,0x0000007c99100000)]
  0x00000226861c6800 JavaThread "Attach Listener" daemon [_thread_blocked, id=10900, stack(0x0000007c99100000,0x0000007c99200000)]
  0x00000226861ca800 JavaThread "Service Thread" daemon [_thread_blocked, id=8424, stack(0x0000007c99200000,0x0000007c99300000)]
  0x00000226861d9000 JavaThread "C2 CompilerThread0" daemon [_thread_blocked, id=9496, stack(0x0000007c99300000,0x0000007c99400000)]
  0x00000226861da000 JavaThread "C1 CompilerThread0" daemon [_thread_blocked, id=1384, stack(0x0000007c99400000,0x0000007c99500000)]
  0x00000226861dd800 JavaThread "Sweeper thread" daemon [_thread_blocked, id=8908, stack(0x0000007c99500000,0x0000007c99600000)]
  0x0000022686c84800 JavaThread "Common-Cleaner" daemon [_thread_blocked, id=1044, stack(0x0000007c99600000,0x0000007c99700000)]
  0x0000022688aaa800 JavaThread "Daemon health stats" [_thread_blocked, id=8536, stack(0x0000007c99b00000,0x0000007c99c00000)]
  0x000002268862e800 JavaThread "Incoming local TCP Connector on port 62757" [_thread_in_native, id=6556, stack(0x0000007c99800000,0x0000007c99900000)]
  0x000002268928f000 JavaThread "Daemon periodic checks" [_thread_blocked, id=2808, stack(0x0000007c99c00000,0x0000007c99d00000)]
  0x0000022689b30000 JavaThread "Daemon" [_thread_blocked, id=9612, stack(0x0000007c99d00000,0x0000007c99e00000)]
  0x00000226894c7000 JavaThread "Handler for socket connection from /127.0.0.1:62757 to /127.0.0.1:62758" [_thread_in_native, id=9368, stack(0x0000007c99e00000,0x0000007c99f00000)]
  0x0000022689ca0000 JavaThread "Cancel handler" [_thread_blocked, id=2932, stack(0x0000007c99f00000,0x0000007c9a000000)]
  0x0000022688f12000 JavaThread "Daemon worker" [_thread_blocked, id=10916, stack(0x0000007c9a000000,0x0000007c9a100000)]
  0x000002268988e000 JavaThread "Asynchronous log dispatcher for DefaultDaemonConnection: socket connection from /127.0.0.1:62757 to /127.0.0.1:62758" [_thread_blocked, id=10596, stack(0x0000007c9a100000,0x0000007c9a200000)]
  0x000002268900e000 JavaThread "Stdin handler" [_thread_blocked, id=8660, stack(0x0000007c9a200000,0x0000007c9a300000)]
  0x0000022688a86800 JavaThread "Daemon client event forwarder" [_thread_blocked, id=2076, stack(0x0000007c9a300000,0x0000007c9a400000)]
  0x0000022688a87000 JavaThread "Cache worker for journal cache (C:\Users\Mahadev\.gradle\caches\journal-1)" [_thread_blocked, id=11220, stack(0x0000007c9a500000,0x0000007c9a600000)]
  0x0000022688a88000 JavaThread "File lock request listener" [_thread_in_native, id=4924, stack(0x0000007c9a600000,0x0000007c9a700000)]
  0x0000022688a82000 JavaThread "Cache worker for file hash cache (C:\Users\Mahadev\.gradle\caches\7.3.3\fileHashes)" [_thread_in_native, id=2204, stack(0x0000007c9a700000,0x0000007c9a800000)]
  0x0000022688a88800 JavaThread "Cache worker for file hash cache (C:\Users\Mahadev\AndroidStudioProjects\demoapp4\.gradle\7.3.3\fileHashes)" [_thread_blocked, id=3912, stack(0x0000007c9a900000,0x0000007c9aa00000)]
  0x0000022688a84800 JavaThread "File watcher server" daemon [_thread_in_native, id=6448, stack(0x0000007c9aa00000,0x0000007c9ab00000)]
  0x0000022688a83000 JavaThread "File watcher consumer" daemon [_thread_blocked, id=1452, stack(0x0000007c9ab00000,0x0000007c9ac00000)]
  0x0000022688a84000 JavaThread "Cache worker for checksums cache (C:\Users\Mahadev\AndroidStudioProjects\demoapp4\.gradle\7.3.3\checksums)" [_thread_blocked, id=6812, stack(0x0000007c9ac00000,0x0000007c9ad00000)]
  0x0000022688a85800 JavaThread "Cache worker for cache directory md-supplier (C:\Users\Mahadev\.gradle\caches\7.3.3\md-supplier)" [_thread_blocked, id=3684, stack(0x0000007c9ad00000,0x0000007c9ae00000)]
  0x000002268a539800 JavaThread "Cache worker for cache directory md-rule (C:\Users\Mahadev\.gradle\caches\7.3.3\md-rule)" [_thread_blocked, id=2672, stack(0x0000007c9ae00000,0x0000007c9af00000)]
  0x000002268a537800 JavaThread "Cache worker for execution history cache (C:\Users\Mahadev\.gradle\caches\7.3.3\executionHistory)" [_thread_blocked, id=7224, stack(0x0000007c9af00000,0x0000007c9b000000)]
  0x000002268a53a000 JavaThread "jar transforms" [_thread_blocked, id=1572, stack(0x0000007c9b000000,0x0000007c9b100000)]
  0x000002268a535800 JavaThread "Cache worker for file content cache (C:\Users\Mahadev\.gradle\caches\7.3.3\fileContent)" [_thread_blocked, id=3028, stack(0x0000007c9b100000,0x0000007c9b200000)]
  0x000002268a53b000 JavaThread "jar transforms Thread 2" [_thread_blocked, id=6792, stack(0x0000007c9b200000,0x0000007c9b300000)]
  0x000002268a53c000 JavaThread "Cache worker for dependencies-accessors (C:\Users\Mahadev\AndroidStudioProjects\demoapp4\.gradle\7.3.3\dependencies-accessors)" [_thread_blocked, id=10808, stack(0x0000007c9b300000,0x0000007c9b400000)]
  0x000002268a536000 JavaThread "jar transforms Thread 3" [_thread_blocked, id=5268, stack(0x0000007c9b400000,0x0000007c9b500000)]
  0x000002268a53f000 JavaThread "Cache worker for Build Output Cleanup Cache (C:\Users\Mahadev\AndroidStudioProjects\demoapp4\.gradle\buildOutputCleanup)" [_thread_blocked, id=7508, stack(0x0000007c9b500000,0x0000007c9b600000)]
  0x000002268a541800 JavaThread "Unconstrained build operations" [_thread_blocked, id=11224, stack(0x0000007c9b600000,0x0000007c9b700000)]
  0x000002268a53d800 JavaThread "Unconstrained build operations Thread 2" [_thread_blocked, id=7908, stack(0x0000007c9b700000,0x0000007c9b800000)]
  0x000002268a53e000 JavaThread "Unconstrained build operations Thread 3" [_thread_blocked, id=2036, stack(0x0000007c9b800000,0x0000007c9b900000)]
  0x000002268a540000 JavaThread "Unconstrained build operations Thread 4" [_thread_blocked, id=9956, stack(0x0000007c9b900000,0x0000007c9ba00000)]
  0x000002268a540800 JavaThread "Unconstrained build operations Thread 5" [_thread_blocked, id=9336, stack(0x0000007c9ba00000,0x0000007c9bb00000)]
  0x000002268a53c800 JavaThread "Unconstrained build operations Thread 6" [_thread_blocked, id=8860, stack(0x0000007c9bb00000,0x0000007c9bc00000)]
  0x000002268a543000 JavaThread "Unconstrained build operations Thread 7" [_thread_blocked, id=4100, stack(0x0000007c9bc00000,0x0000007c9bd00000)]
  0x000002268a544000 JavaThread "Unconstrained build operations Thread 8" [_thread_blocked, id=10044, stack(0x0000007c9bd00000,0x0000007c9be00000)]
  0x000002268a542800 JavaThread "Unconstrained build operations Thread 9" [_thread_blocked, id=9392, stack(0x0000007c9be00000,0x0000007c9bf00000)]
  0x000002268c65c800 JavaThread "Unconstrained build operations Thread 10" [_thread_blocked, id=2616, stack(0x0000007c9bf00000,0x0000007c9c000000)]
  0x000002268c65d000 JavaThread "Unconstrained build operations Thread 11" [_thread_blocked, id=10752, stack(0x0000007c9c000000,0x0000007c9c100000)]
  0x000002268c65f000 JavaThread "Unconstrained build operations Thread 12" [_thread_blocked, id=10316, stack(0x0000007c9c100000,0x0000007c9c200000)]
  0x000002268c65e000 JavaThread "Unconstrained build operations Thread 13" [_thread_blocked, id=108, stack(0x0000007c9c200000,0x0000007c9c300000)]
  0x000002268c664800 JavaThread "Unconstrained build operations Thread 14" [_thread_blocked, id=9152, stack(0x0000007c9c300000,0x0000007c9c400000)]
  0x000002268c665800 JavaThread "Unconstrained build operations Thread 15" [_thread_blocked, id=7832, stack(0x0000007c9c400000,0x0000007c9c500000)]
  0x000002268c661800 JavaThread "Unconstrained build operations Thread 16" [_thread_blocked, id=3104, stack(0x0000007c9c500000,0x0000007c9c600000)]
  0x000002268c663800 JavaThread "Unconstrained build operations Thread 17" [_thread_blocked, id=10116, stack(0x0000007c9c600000,0x0000007c9c700000)]
  0x000002268c65f800 JavaThread "Unconstrained build operations Thread 18" [_thread_blocked, id=8216, stack(0x0000007c9c700000,0x0000007c9c800000)]
  0x000002268c663000 JavaThread "Unconstrained build operations Thread 19" [_thread_blocked, id=10332, stack(0x0000007c9c800000,0x0000007c9c900000)]
  0x000002268c666000 JavaThread "Unconstrained build operations Thread 20" [_thread_blocked, id=3892, stack(0x0000007c9c900000,0x0000007c9ca00000)]
  0x000002268c660800 JavaThread "Unconstrained build operations Thread 21" [_thread_blocked, id=10428, stack(0x0000007c9ca00000,0x0000007c9cb00000)]
  0x000002268c667000 JavaThread "Unconstrained build operations Thread 22" [_thread_blocked, id=9844, stack(0x0000007c9cb00000,0x0000007c9cc00000)]
  0x000002268c668000 JavaThread "Unconstrained build operations Thread 23" [_thread_blocked, id=10136, stack(0x0000007c9cc00000,0x0000007c9cd00000)]
  0x000002268c662000 JavaThread "Unconstrained build operations Thread 24" [_thread_blocked, id=244, stack(0x0000007c9cd00000,0x0000007c9ce00000)]
  0x000002268c668800 JavaThread "Unconstrained build operations Thread 25" [_thread_blocked, id=4856, stack(0x0000007c9ce00000,0x0000007c9cf00000)]
  0x000002268c669800 JavaThread "Unconstrained build operations Thread 26" [_thread_blocked, id=1936, stack(0x0000007c9cf00000,0x0000007c9d000000)]
  0x000002268c66a000 JavaThread "Unconstrained build operations Thread 27" [_thread_blocked, id=32, stack(0x0000007c9d000000,0x0000007c9d100000)]
  0x000002268c66b000 JavaThread "Unconstrained build operations Thread 28" [_thread_blocked, id=8256, stack(0x0000007c9d100000,0x0000007c9d200000)]
  0x000002268c66f000 JavaThread "Unconstrained build operations Thread 29" [_thread_blocked, id=6632, stack(0x0000007c9d200000,0x0000007c9d300000)]
  0x000002268c66c800 JavaThread "Unconstrained build operations Thread 30" [_thread_blocked, id=2852, stack(0x0000007c9d300000,0x0000007c9d400000)]
  0x000002268c66e000 JavaThread "Unconstrained build operations Thread 31" [_thread_blocked, id=5016, stack(0x0000007c9d400000,0x0000007c9d500000)]
  0x000002268c66f800 JavaThread "Unconstrained build operations Thread 32" [_thread_blocked, id=8304, stack(0x0000007c9d500000,0x0000007c9d600000)]
  0x000002268c670800 JavaThread "Unconstrained build operations Thread 33" [_thread_blocked, id=1944, stack(0x0000007c9d600000,0x0000007c9d700000)]
  0x000002268c673000 JavaThread "Unconstrained build operations Thread 34" [_thread_blocked, id=9864, stack(0x0000007c9d700000,0x0000007c9d800000)]
  0x000002268c66d000 JavaThread "Unconstrained build operations Thread 35" [_thread_blocked, id=10716, stack(0x0000007c9d800000,0x0000007c9d900000)]
  0x000002268c677000 JavaThread "Unconstrained build operations Thread 36" [_thread_blocked, id=4364, stack(0x0000007c9d900000,0x0000007c9da00000)]
  0x000002268c672000 JavaThread "Unconstrained build operations Thread 37" [_thread_blocked, id=9600, stack(0x0000007c9da00000,0x0000007c9db00000)]
  0x000002268c675800 JavaThread "Unconstrained build operations Thread 38" [_thread_blocked, id=6260, stack(0x0000007c9db00000,0x0000007c9dc00000)]
  0x000002268c676000 JavaThread "Unconstrained build operations Thread 39" [_thread_blocked, id=5808, stack(0x0000007c9dc00000,0x0000007c9dd00000)]
  0x000002268c673800 JavaThread "Unconstrained build operations Thread 40" [_thread_blocked, id=3116, stack(0x0000007c9dd00000,0x0000007c9de00000)]
  0x000002268c674800 JavaThread "jar transforms Thread 4" [_thread_blocked, id=5720, stack(0x0000007c9a800000,0x0000007c9a900000)]
  0x000002268c671800 JavaThread "Memory manager" [_thread_blocked, id=6992, stack(0x0000007c9df00000,0x0000007c9e000000)]
  0x000002268c678000 JavaThread "build event listener" [_thread_blocked, id=5792, stack(0x0000007c9e000000,0x0000007c9e100000)]
  0x000002268c678800 JavaThread "pool-3-thread-1" [_thread_blocked, id=2044, stack(0x0000007c9e100000,0x0000007c9e200000)]
  0x000002268c679800 JavaThread "build event listener" [_thread_blocked, id=9176, stack(0x0000007c9e200000,0x0000007c9e300000)]
  0x000002268c67a000 JavaThread "Execution worker for ':'" [_thread_blocked, id=4264, stack(0x0000007c9e300000,0x0000007c9e400000)]
  0x000002268e982800 JavaThread "Execution worker for ':' Thread 2" [_thread_blocked, id=8156, stack(0x0000007c9e400000,0x0000007c9e500000)]
  0x000002268e983800 JavaThread "Execution worker for ':' Thread 3" [_thread_blocked, id=1740, stack(0x0000007c9e500000,0x0000007c9e600000)]
  0x000002268e986800 JavaThread "Cache worker for execution history cache (C:\Users\Mahadev\AndroidStudioProjects\demoapp4\.gradle\7.3.3\executionHistory)" [_thread_blocked, id=480, stack(0x0000007c9e600000,0x0000007c9e700000)]
  0x000002268e981000 JavaThread "WorkerExecutor Queue" [_thread_blocked, id=4616, stack(0x0000007c9e900000,0x0000007c9ea00000)]
  0x000002268e985800 JavaThread "WorkerExecutor Queue Thread 2" [_thread_blocked, id=6904, stack(0x0000007c9ea00000,0x0000007c9eb00000)]
  0x000002268e984000 JavaThread "WorkerExecutor Queue Thread 3" [_thread_blocked, id=4624, stack(0x0000007c9eb00000,0x0000007c9ec00000)]
  0x000002268e987800 JavaThread "Java2D Disposer" daemon [_thread_blocked, id=6552, stack(0x0000007c9ed00000,0x0000007c9ee00000)]
  0x000002268e981800 JavaThread "WorkerExecutor Queue Thread 5" [_thread_blocked, id=6456, stack(0x0000007c9ee00000,0x0000007c9ef00000)]
=>0x000002268c0ed000 JavaThread "C2 CompilerThread1" daemon [_thread_in_native, id=1064, stack(0x0000007c9de00000,0x0000007c9df00000)]

Other Threads:
  0x00000226861a9000 VMThread "VM Thread" [stack: 0x0000007c98d00000,0x0000007c98e00000] [id=1912]
  0x0000022686c9d800 WatcherThread [stack: 0x0000007c99700000,0x0000007c99800000] [id=7488]
  0x00000226ea5f2800 GCTaskThread "GC Thread#0" [stack: 0x0000007c98800000,0x0000007c98900000] [id=4796]
  0x0000022687249000 GCTaskThread "GC Thread#1" [stack: 0x0000007c99900000,0x0000007c99a00000] [id=11096]
  0x0000022686ea7000 GCTaskThread "GC Thread#2" [stack: 0x0000007c99a00000,0x0000007c99b00000] [id=9740]
  0x0000022688bd0000 GCTaskThread "GC Thread#3" [stack: 0x0000007c9a400000,0x0000007c9a500000] [id=9936]
  0x00000226ea624800 ConcurrentGCThread "G1 Main Marker" [stack: 0x0000007c98900000,0x0000007c98a00000] [id=5664]
  0x00000226ea626000 ConcurrentGCThread "G1 Conc#0" [stack: 0x0000007c98a00000,0x0000007c98b00000] [id=4360]
  0x00000226ea6b8800 ConcurrentGCThread "G1 Refine#0" [stack: 0x0000007c98b00000,0x0000007c98c00000] [id=2800]
  0x00000226ea6bb800 ConcurrentGCThread "G1 Young RemSet Sampling" [stack: 0x0000007c98c00000,0x0000007c98d00000] [id=1908]

Threads with active compile tasks:
C2 CompilerThread1  41037 12211   !   4       sun.nio.fs.WindowsDirectoryStream$WindowsDirectoryIterator::readNextEntry (199 bytes)

VM state:not at safepoint (normal execution)

VM Mutex/Monitor currently owned by a thread: None

Heap address: 0x0000000080000000, size: 2048 MB, Compressed Oops mode: 32-bit
Narrow klass base: 0x0000000000000000, Narrow klass shift: 3
Compressed class space size: 1073741824 Address: 0x0000000100000000

Heap:
 garbage-first heap   total 236544K, used 148953K [0x0000000080000000, 0x0000000100000000)
  region size 1024K, 44 young (45056K), 6 survivors (6144K)
 Metaspace       used 96187K, capacity 98460K, committed 98636K, reserved 1134592K
  class space    used 12035K, capacity 12862K, committed 12928K, reserved 1048576K
Heap Regions: E=young(eden), S=young(survivor), O=old, HS=humongous(starts), HC=humongous(continues), CS=collection set, F=free, A=archive, TAMS=top-at-mark-start (previous, next)
|   0|0x0000000080000000, 0x0000000080100000, 0x0000000080100000|100%| O|  |TAMS 0x0000000080100000, 0x0000000080000000| Untracked 
|   1|0x0000000080100000, 0x0000000080200000, 0x0000000080200000|100%| O|  |TAMS 0x0000000080200000, 0x0000000080100000| Untracked 
|   2|0x0000000080200000, 0x0000000080300000, 0x0000000080300000|100%| O|  |TAMS 0x0000000080300000, 0x0000000080200000| Untracked 
|   3|0x0000000080300000, 0x0000000080400000, 0x0000000080400000|100%|HS|  |TAMS 0x0000000080400000, 0x0000000080300000| Complete 
|   4|0x0000000080400000, 0x0000000080500000, 0x0000000080500000|100%|HC|  |TAMS 0x0000000080500000, 0x0000000080400000| Complete 
|   5|0x0000000080500000, 0x0000000080600000, 0x0000000080600000|100%|HC|  |TAMS 0x0000000080600000, 0x0000000080500000| Complete 
|   6|0x0000000080600000, 0x0000000080700000, 0x0000000080700000|100%| O|  |TAMS 0x0000000080700000, 0x0000000080600000| Untracked 
|   7|0x0000000080700000, 0x0000000080800000, 0x0000000080800000|100%| O|  |TAMS 0x0000000080800000, 0x0000000080700000| Untracked 
|   8|0x0000000080800000, 0x0000000080900000, 0x0000000080900000|100%| O|  |TAMS 0x0000000080900000, 0x0000000080800000| Untracked 
|   9|0x0000000080900000, 0x0000000080a00000, 0x0000000080a00000|100%| O|  |TAMS 0x0000000080a00000, 0x0000000080900000| Untracked 
|  10|0x0000000080a00000, 0x0000000080b00000, 0x0000000080b00000|100%| O|  |TAMS 0x0000000080b00000, 0x0000000080a00000| Untracked 
|  11|0x0000000080b00000, 0x0000000080c00000, 0x0000000080c00000|100%| O|  |TAMS 0x0000000080c00000, 0x0000000080b00000| Untracked 
|  12|0x0000000080c00000, 0x0000000080d00000, 0x0000000080d00000|100%| O|  |TAMS 0x0000000080d00000, 0x0000000080c00000| Untracked 
|  13|0x0000000080d00000, 0x0000000080e00000, 0x0000000080e00000|100%| O|  |TAMS 0x0000000080e00000, 0x0000000080d00000| Untracked 
|  14|0x0000000080e00000, 0x0000000080f00000, 0x0000000080f00000|100%| O|  |TAMS 0x0000000080f00000, 0x0000000080e00000| Untracked 
|  15|0x0000000080f00000, 0x0000000081000000, 0x0000000081000000|100%| O|  |TAMS 0x0000000081000000, 0x0000000080f00000| Untracked 
|  16|0x0000000081000000, 0x0000000081100000, 0x0000000081100000|100%|HS|  |TAMS 0x0000000081100000, 0x0000000081000000| Complete 
|  17|0x0000000081100000, 0x0000000081200000, 0x0000000081200000|100%| O|  |TAMS 0x0000000081200000, 0x0000000081100000| Untracked 
|  18|0x0000000081200000, 0x0000000081300000, 0x0000000081300000|100%| O|  |TAMS 0x0000000081300000, 0x0000000081200000| Untracked 
|  19|0x0000000081300000, 0x0000000081400000, 0x0000000081400000|100%| O|  |TAMS 0x0000000081400000, 0x0000000081300000| Untracked 
|  20|0x0000000081400000, 0x0000000081500000, 0x0000000081500000|100%| O|  |TAMS 0x0000000081500000, 0x0000000081400000| Untracked 
|  21|0x0000000081500000, 0x0000000081600000, 0x0000000081600000|100%| O|  |TAMS 0x0000000081600000, 0x0000000081500000| Untracked 
|  22|0x0000000081600000, 0x0000000081700000, 0x0000000081700000|100%| O|  |TAMS 0x0000000081700000, 0x0000000081600000| Untracked 
|  23|0x0000000081700000, 0x0000000081800000, 0x0000000081800000|100%|HS|  |TAMS 0x0000000081800000, 0x0000000081700000| Complete 
|  24|0x0000000081800000, 0x0000000081900000, 0x0000000081900000|100%|HS|  |TAMS 0x0000000081900000, 0x0000000081800000| Complete 
|  25|0x0000000081900000, 0x0000000081a00000, 0x0000000081a00000|100%|HC|  |TAMS 0x0000000081a00000, 0x0000000081900000| Complete 
|  26|0x0000000081a00000, 0x0000000081b00000, 0x0000000081b00000|100%| O|  |TAMS 0x0000000081b00000, 0x0000000081a00000| Untracked 
|  27|0x0000000081b00000, 0x0000000081c00000, 0x0000000081c00000|100%| O|  |TAMS 0x0000000081c00000, 0x0000000081b00000| Untracked 
|  28|0x0000000081c00000, 0x0000000081d00000, 0x0000000081d00000|100%| O|  |TAMS 0x0000000081d00000, 0x0000000081c00000| Untracked 
|  29|0x0000000081d00000, 0x0000000081e00000, 0x0000000081e00000|100%| O|  |TAMS 0x0000000081e00000, 0x0000000081d00000| Untracked 
|  30|0x0000000081e00000, 0x0000000081f00000, 0x0000000081f00000|100%| O|  |TAMS 0x0000000081f00000, 0x0000000081e00000| Untracked 
|  31|0x0000000081f00000, 0x0000000082000000, 0x0000000082000000|100%| O|  |TAMS 0x0000000082000000, 0x0000000081f00000| Untracked 
|  32|0x0000000082000000, 0x0000000082100000, 0x0000000082100000|100%| O|  |TAMS 0x0000000082100000, 0x0000000082000000| Untracked 
|  33|0x0000000082100000, 0x0000000082200000, 0x0000000082200000|100%| O|  |TAMS 0x0000000082200000, 0x0000000082100000| Untracked 
|  34|0x0000000082200000, 0x0000000082300000, 0x0000000082300000|100%| O|  |TAMS 0x0000000082300000, 0x0000000082200000| Untracked 
|  35|0x0000000082300000, 0x0000000082400000, 0x0000000082400000|100%| O|  |TAMS 0x0000000082400000, 0x0000000082300000| Untracked 
|  36|0x0000000082400000, 0x0000000082500000, 0x0000000082500000|100%| O|  |TAMS 0x0000000082500000, 0x0000000082400000| Untracked 
|  37|0x0000000082500000, 0x0000000082600000, 0x0000000082600000|100%| O|  |TAMS 0x0000000082600000, 0x0000000082500000| Untracked 
|  38|0x0000000082600000, 0x0000000082700000, 0x0000000082700000|100%| O|  |TAMS 0x0000000082700000, 0x0000000082600000| Untracked 
|  39|0x0000000082700000, 0x0000000082800000, 0x0000000082800000|100%| O|  |TAMS 0x0000000082800000, 0x0000000082700000| Untracked 
|  40|0x0000000082800000, 0x0000000082900000, 0x0000000082900000|100%| O|  |TAMS 0x0000000082900000, 0x0000000082800000| Untracked 
|  41|0x0000000082900000, 0x0000000082a00000, 0x0000000082a00000|100%| O|  |TAMS 0x0000000082a00000, 0x0000000082900000| Untracked 
|  42|0x0000000082a00000, 0x0000000082b00000, 0x0000000082b00000|100%| O|  |TAMS 0x0000000082b00000, 0x0000000082a00000| Untracked 
|  43|0x0000000082b00000, 0x0000000082c00000, 0x0000000082c00000|100%| O|  |TAMS 0x0000000082c00000, 0x0000000082b00000| Untracked 
|  44|0x0000000082c00000, 0x0000000082d00000, 0x0000000082d00000|100%| O|  |TAMS 0x0000000082d00000, 0x0000000082c00000| Untracked 
|  45|0x0000000082d00000, 0x0000000082e00000, 0x0000000082e00000|100%| O|  |TAMS 0x0000000082e00000, 0x0000000082d00000| Untracked 
|  46|0x0000000082e00000, 0x0000000082f00000, 0x0000000082f00000|100%| O|  |TAMS 0x0000000082f00000, 0x0000000082e00000| Untracked 
|  47|0x0000000082f00000, 0x0000000083000000, 0x0000000083000000|100%| O|  |TAMS 0x0000000083000000, 0x0000000082f00000| Untracked 
|  48|0x0000000083000000, 0x0000000083100000, 0x0000000083100000|100%| O|  |TAMS 0x0000000083100000, 0x0000000083000000| Untracked 
|  49|0x0000000083100000, 0x0000000083200000, 0x0000000083200000|100%| O|  |TAMS 0x0000000083200000, 0x0000000083100000| Untracked 
|  50|0x0000000083200000, 0x0000000083300000, 0x0000000083300000|100%| O|  |TAMS 0x0000000083300000, 0x0000000083200000| Untracked 
|  51|0x0000000083300000, 0x0000000083400000, 0x0000000083400000|100%| O|  |TAMS 0x0000000083400000, 0x0000000083300000| Untracked 
|  52|0x0000000083400000, 0x0000000083500000, 0x0000000083500000|100%| O|  |TAMS 0x0000000083500000, 0x0000000083400000| Untracked 
|  53|0x0000000083500000, 0x0000000083600000, 0x0000000083600000|100%| O|  |TAMS 0x0000000083600000, 0x0000000083500000| Untracked 
|  54|0x0000000083600000, 0x0000000083700000, 0x0000000083700000|100%| O|  |TAMS 0x0000000083700000, 0x0000000083600000| Untracked 
|  55|0x0000000083700000, 0x0000000083800000, 0x0000000083800000|100%| O|  |TAMS 0x0000000083800000, 0x0000000083700000| Untracked 
|  56|0x0000000083800000, 0x0000000083900000, 0x0000000083900000|100%| O|  |TAMS 0x0000000083900000, 0x0000000083800000| Untracked 
|  57|0x0000000083900000, 0x0000000083a00000, 0x0000000083a00000|100%| O|  |TAMS 0x0000000083a00000, 0x0000000083900000| Untracked 
|  58|0x0000000083a00000, 0x0000000083b00000, 0x0000000083b00000|100%| O|  |TAMS 0x0000000083b00000, 0x0000000083a00000| Untracked 
|  59|0x0000000083b00000, 0x0000000083c00000, 0x0000000083c00000|100%| O|  |TAMS 0x0000000083c00000, 0x0000000083b00000| Untracked 
|  60|0x0000000083c00000, 0x0000000083d00000, 0x0000000083d00000|100%| O|  |TAMS 0x0000000083d00000, 0x0000000083c00000| Untracked 
|  61|0x0000000083d00000, 0x0000000083e00000, 0x0000000083e00000|100%| O|  |TAMS 0x0000000083e00000, 0x0000000083d00000| Untracked 
|  62|0x0000000083e00000, 0x0000000083f00000, 0x0000000083f00000|100%| O|  |TAMS 0x0000000083f00000, 0x0000000083e00000| Untracked 
|  63|0x0000000083f00000, 0x0000000084000000, 0x0000000084000000|100%| O|  |TAMS 0x0000000084000000, 0x0000000083f00000| Untracked 
|  64|0x0000000084000000, 0x0000000084100000, 0x0000000084100000|100%| O|  |TAMS 0x0000000084100000, 0x0000000084000000| Untracked 
|  65|0x0000000084100000, 0x0000000084200000, 0x0000000084200000|100%| O|  |TAMS 0x0000000084200000, 0x0000000084100000| Untracked 
|  66|0x0000000084200000, 0x0000000084300000, 0x0000000084300000|100%| O|  |TAMS 0x0000000084300000, 0x0000000084200000| Untracked 
|  67|0x0000000084300000, 0x0000000084400000, 0x0000000084400000|100%| O|  |TAMS 0x0000000084400000, 0x0000000084300000| Untracked 
|  68|0x0000000084400000, 0x0000000084500000, 0x0000000084500000|100%| O|  |TAMS 0x0000000084500000, 0x0000000084400000| Untracked 
|  69|0x0000000084500000, 0x0000000084600000, 0x0000000084600000|100%| O|  |TAMS 0x0000000084600000, 0x0000000084500000| Untracked 
|  70|0x0000000084600000, 0x0000000084700000, 0x0000000084700000|100%| O|  |TAMS 0x0000000084700000, 0x0000000084600000| Untracked 
|  71|0x0000000084700000, 0x0000000084800000, 0x0000000084800000|100%| O|  |TAMS 0x0000000084800000, 0x0000000084700000| Untracked 
|  72|0x0000000084800000, 0x0000000084900000, 0x0000000084900000|100%| O|  |TAMS 0x0000000084900000, 0x0000000084800000| Untracked 
|  73|0x0000000084900000, 0x0000000084a00000, 0x0000000084a00000|100%| O|  |TAMS 0x0000000084a00000, 0x0000000084900000| Untracked 
|  74|0x0000000084a00000, 0x0000000084b00000, 0x0000000084b00000|100%| O|  |TAMS 0x0000000084a00000, 0x0000000084a00000| Untracked 
|  75|0x0000000084b00000, 0x0000000084c00000, 0x0000000084c00000|100%| O|  |TAMS 0x0000000084b00000, 0x0000000084b00000| Untracked 
|  76|0x0000000084c00000, 0x0000000084d00000, 0x0000000084d00000|100%| O|  |TAMS 0x0000000084d00000, 0x0000000084c00000| Untracked 
|  77|0x0000000084d00000, 0x0000000084e00000, 0x0000000084e00000|100%| O|  |TAMS 0x0000000084e00000, 0x0000000084d00000| Untracked 
|  78|0x0000000084e00000, 0x0000000084f00000, 0x0000000084f00000|100%| O|  |TAMS 0x0000000084f00000, 0x0000000084e00000| Untracked 
|  79|0x0000000084f00000, 0x0000000085000000, 0x0000000085000000|100%| O|  |TAMS 0x0000000085000000, 0x0000000084f00000| Untracked 
|  80|0x0000000085000000, 0x0000000085100000, 0x0000000085100000|100%| O|  |TAMS 0x0000000085100000, 0x0000000085000000| Untracked 
|  81|0x0000000085100000, 0x0000000085200000, 0x0000000085200000|100%| O|  |TAMS 0x0000000085200000, 0x0000000085100000| Untracked 
|  82|0x0000000085200000, 0x0000000085300000, 0x0000000085300000|100%| O|  |TAMS 0x0000000085300000, 0x0000000085200000| Untracked 
|  83|0x0000000085300000, 0x0000000085400000, 0x0000000085400000|100%| O|  |TAMS 0x0000000085400000, 0x0000000085300000| Untracked 
|  84|0x0000000085400000, 0x0000000085500000, 0x0000000085500000|100%| O|  |TAMS 0x00000000854ac600, 0x0000000085400000| Untracked 
|  85|0x0000000085500000, 0x0000000085600000, 0x0000000085600000|100%| O|  |TAMS 0x0000000085600000, 0x0000000085500000| Untracked 
|  86|0x0000000085600000, 0x0000000085700000, 0x0000000085700000|100%| O|  |TAMS 0x0000000085700000, 0x0000000085600000| Untracked 
|  87|0x0000000085700000, 0x0000000085800000, 0x0000000085800000|100%| O|  |TAMS 0x0000000085800000, 0x0000000085700000| Untracked 
|  88|0x0000000085800000, 0x0000000085900000, 0x0000000085900000|100%| O|  |TAMS 0x0000000085800000, 0x0000000085800000| Untracked 
|  89|0x0000000085900000, 0x0000000085a00000, 0x0000000085a00000|100%| O|  |TAMS 0x0000000085900000, 0x0000000085900000| Untracked 
|  90|0x0000000085a00000, 0x0000000085b00000, 0x0000000085b00000|100%| O|  |TAMS 0x0000000085b00000, 0x0000000085a00000| Untracked 
|  91|0x0000000085b00000, 0x0000000085c00000, 0x0000000085c00000|100%| O|  |TAMS 0x0000000085c00000, 0x0000000085b00000| Untracked 
|  92|0x0000000085c00000, 0x0000000085d00000, 0x0000000085d00000|100%| O|  |TAMS 0x0000000085d00000, 0x0000000085c00000| Untracked 
|  93|0x0000000085d00000, 0x0000000085e00000, 0x0000000085e00000|100%| O|  |TAMS 0x0000000085e00000, 0x0000000085d00000| Untracked 
|  94|0x0000000085e00000, 0x0000000085f00000, 0x0000000085f00000|100%| O|  |TAMS 0x0000000085f00000, 0x0000000085e00000| Untracked 
|  95|0x0000000085f00000, 0x0000000086000000, 0x0000000086000000|100%| O|  |TAMS 0x0000000085f00000, 0x0000000085f00000| Untracked 
|  96|0x0000000086000000, 0x0000000086076600, 0x0000000086100000| 46%| O|  |TAMS 0x0000000086000000, 0x0000000086000000| Untracked 
|  97|0x0000000086100000, 0x0000000086100000, 0x0000000086200000|  0%| F|  |TAMS 0x0000000086100000, 0x0000000086100000| Untracked 
|  98|0x0000000086200000, 0x0000000086200000, 0x0000000086300000|  0%| F|  |TAMS 0x0000000086200000, 0x0000000086200000| Untracked 
|  99|0x0000000086300000, 0x0000000086400000, 0x0000000086400000|100%| O|  |TAMS 0x0000000086400000, 0x0000000086300000| Untracked 
| 100|0x0000000086400000, 0x0000000086500000, 0x0000000086500000|100%| O|  |TAMS 0x0000000086500000, 0x0000000086400000| Untracked 
| 101|0x0000000086500000, 0x0000000086600000, 0x0000000086600000|100%| O|  |TAMS 0x0000000086600000, 0x0000000086500000| Untracked 
| 102|0x0000000086600000, 0x0000000086700000, 0x0000000086700000|100%| O|  |TAMS 0x0000000086700000, 0x0000000086600000| Untracked 
| 103|0x0000000086700000, 0x0000000086700000, 0x0000000086800000|  0%| F|  |TAMS 0x0000000086700000, 0x0000000086700000| Untracked 
| 104|0x0000000086800000, 0x0000000086800000, 0x0000000086900000|  0%| F|  |TAMS 0x0000000086800000, 0x0000000086800000| Untracked 
| 105|0x0000000086900000, 0x0000000086900000, 0x0000000086a00000|  0%| F|  |TAMS 0x0000000086900000, 0x0000000086900000| Untracked 
| 106|0x0000000086a00000, 0x0000000086a00000, 0x0000000086b00000|  0%| F|  |TAMS 0x0000000086a00000, 0x0000000086a00000| Untracked 
| 107|0x0000000086b00000, 0x0000000086b00000, 0x0000000086c00000|  0%| F|  |TAMS 0x0000000086b00000, 0x0000000086b00000| Untracked 
| 108|0x0000000086c00000, 0x0000000086c00000, 0x0000000086d00000|  0%| F|  |TAMS 0x0000000086c00000, 0x0000000086c00000| Untracked 
| 109|0x0000000086d00000, 0x0000000086d00000, 0x0000000086e00000|  0%| F|  |TAMS 0x0000000086d00000, 0x0000000086d00000| Untracked 
| 110|0x0000000086e00000, 0x0000000086e00000, 0x0000000086f00000|  0%| F|  |TAMS 0x0000000086e00000, 0x0000000086e00000| Untracked 
| 111|0x0000000086f00000, 0x0000000087000000, 0x0000000087000000|100%| O|  |TAMS 0x0000000086f00000, 0x0000000086f00000| Untracked 
| 112|0x0000000087000000, 0x0000000087100000, 0x0000000087100000|100%| O|  |TAMS 0x0000000087000000, 0x0000000087000000| Untracked 
| 113|0x0000000087100000, 0x0000000087200000, 0x0000000087200000|100%| O|  |TAMS 0x0000000087100000, 0x0000000087100000| Untracked 
| 114|0x0000000087200000, 0x0000000087200000, 0x0000000087300000|  0%| F|  |TAMS 0x0000000087200000, 0x0000000087200000| Untracked 
| 115|0x0000000087300000, 0x0000000087300000, 0x0000000087400000|  0%| F|  |TAMS 0x0000000087300000, 0x0000000087300000| Untracked 
| 116|0x0000000087400000, 0x0000000087400000, 0x0000000087500000|  0%| F|  |TAMS 0x0000000087400000, 0x0000000087400000| Untracked 
| 117|0x0000000087500000, 0x0000000087500000, 0x0000000087600000|  0%| F|  |TAMS 0x0000000087500000, 0x0000000087500000| Untracked 
| 118|0x0000000087600000, 0x0000000087600000, 0x0000000087700000|  0%| F|  |TAMS 0x0000000087600000, 0x0000000087600000| Untracked 
| 119|0x0000000087700000, 0x0000000087700000, 0x0000000087800000|  0%| F|  |TAMS 0x0000000087700000, 0x0000000087700000| Untracked 
| 120|0x0000000087800000, 0x0000000087800000, 0x0000000087900000|  0%| F|  |TAMS 0x0000000087800000, 0x0000000087800000| Untracked 
| 121|0x0000000087900000, 0x0000000087900000, 0x0000000087a00000|  0%| F|  |TAMS 0x0000000087900000, 0x0000000087900000| Untracked 
| 122|0x0000000087a00000, 0x0000000087a00000, 0x0000000087b00000|  0%| F|  |TAMS 0x0000000087a00000, 0x0000000087a00000| Untracked 
| 123|0x0000000087b00000, 0x0000000087b00000, 0x0000000087c00000|  0%| F|  |TAMS 0x0000000087b00000, 0x0000000087b00000| Untracked 
| 124|0x0000000087c00000, 0x0000000087c00000, 0x0000000087d00000|  0%| F|  |TAMS 0x0000000087c00000, 0x0000000087c00000| Untracked 
| 125|0x0000000087d00000, 0x0000000087d00000, 0x0000000087e00000|  0%| F|  |TAMS 0x0000000087d00000, 0x0000000087d00000| Untracked 
| 126|0x0000000087e00000, 0x0000000087e00000, 0x0000000087f00000|  0%| F|  |TAMS 0x0000000087e00000, 0x0000000087e00000| Untracked 
| 127|0x0000000087f00000, 0x0000000087f00000, 0x0000000088000000|  0%| F|  |TAMS 0x0000000087f00000, 0x0000000087f00000| Untracked 
| 128|0x0000000088000000, 0x0000000088000000, 0x0000000088100000|  0%| F|  |TAMS 0x0000000088000000, 0x0000000088000000| Untracked 
| 129|0x0000000088100000, 0x0000000088100000, 0x0000000088200000|  0%| F|  |TAMS 0x0000000088100000, 0x0000000088100000| Untracked 
| 130|0x0000000088200000, 0x0000000088200000, 0x0000000088300000|  0%| F|  |TAMS 0x0000000088200000, 0x0000000088200000| Untracked 
| 131|0x0000000088300000, 0x0000000088300000, 0x0000000088400000|  0%| F|  |TAMS 0x0000000088300000, 0x0000000088300000| Untracked 
| 132|0x0000000088400000, 0x0000000088400000, 0x0000000088500000|  0%| F|  |TAMS 0x0000000088400000, 0x0000000088400000| Untracked 
| 133|0x0000000088500000, 0x0000000088500000, 0x0000000088600000|  0%| F|  |TAMS 0x0000000088500000, 0x0000000088500000| Untracked 
| 134|0x0000000088600000, 0x0000000088600000, 0x0000000088700000|  0%| F|  |TAMS 0x0000000088600000, 0x0000000088600000| Untracked 
| 135|0x0000000088700000, 0x0000000088700000, 0x0000000088800000|  0%| F|  |TAMS 0x0000000088700000, 0x0000000088700000| Untracked 
| 136|0x0000000088800000, 0x0000000088800000, 0x0000000088900000|  0%| F|  |TAMS 0x0000000088800000, 0x0000000088800000| Untracked 
| 137|0x0000000088900000, 0x0000000088900000, 0x0000000088a00000|  0%| F|  |TAMS 0x0000000088900000, 0x0000000088900000| Untracked 
| 138|0x0000000088a00000, 0x0000000088a00000, 0x0000000088b00000|  0%| F|  |TAMS 0x0000000088a00000, 0x0000000088a00000| Untracked 
| 139|0x0000000088b00000, 0x0000000088b00000, 0x0000000088c00000|  0%| F|  |TAMS 0x0000000088b00000, 0x0000000088b00000| Untracked 
| 140|0x0000000088c00000, 0x0000000088c00000, 0x0000000088d00000|  0%| F|  |TAMS 0x0000000088c00000, 0x0000000088c00000| Untracked 
| 141|0x0000000088d00000, 0x0000000088d00000, 0x0000000088e00000|  0%| F|  |TAMS 0x0000000088d00000, 0x0000000088d00000| Untracked 
| 142|0x0000000088e00000, 0x0000000088e00000, 0x0000000088f00000|  0%| F|  |TAMS 0x0000000088e00000, 0x0000000088e00000| Untracked 
| 143|0x0000000088f00000, 0x0000000088f00000, 0x0000000089000000|  0%| F|  |TAMS 0x0000000088f00000, 0x0000000088f00000| Untracked 
| 144|0x0000000089000000, 0x0000000089000000, 0x0000000089100000|  0%| F|  |TAMS 0x0000000089000000, 0x0000000089000000| Untracked 
| 145|0x0000000089100000, 0x0000000089100000, 0x0000000089200000|  0%| F|  |TAMS 0x0000000089100000, 0x0000000089100000| Untracked 
| 146|0x0000000089200000, 0x0000000089200000, 0x0000000089300000|  0%| F|  |TAMS 0x0000000089200000, 0x0000000089200000| Untracked 
| 147|0x0000000089300000, 0x0000000089300000, 0x0000000089400000|  0%| F|  |TAMS 0x0000000089300000, 0x0000000089300000| Untracked 
| 148|0x0000000089400000, 0x0000000089400000, 0x0000000089500000|  0%| F|  |TAMS 0x0000000089400000, 0x0000000089400000| Untracked 
| 149|0x0000000089500000, 0x0000000089500000, 0x0000000089600000|  0%| F|  |TAMS 0x0000000089500000, 0x0000000089500000| Untracked 
| 150|0x0000000089600000, 0x0000000089600000, 0x0000000089700000|  0%| F|  |TAMS 0x0000000089600000, 0x0000000089600000| Untracked 
| 151|0x0000000089700000, 0x0000000089700000, 0x0000000089800000|  0%| F|  |TAMS 0x0000000089700000, 0x0000000089700000| Untracked 
| 152|0x0000000089800000, 0x0000000089800000, 0x0000000089900000|  0%| F|  |TAMS 0x0000000089800000, 0x0000000089800000| Untracked 
| 153|0x0000000089900000, 0x0000000089900000, 0x0000000089a00000|  0%| F|  |TAMS 0x0000000089900000, 0x0000000089900000| Untracked 
| 154|0x0000000089a00000, 0x0000000089a00000, 0x0000000089b00000|  0%| F|  |TAMS 0x0000000089a00000, 0x0000000089a00000| Untracked 
| 155|0x0000000089b00000, 0x0000000089b00000, 0x0000000089c00000|  0%| F|  |TAMS 0x0000000089b00000, 0x0000000089b00000| Untracked 
| 156|0x0000000089c00000, 0x0000000089c00000, 0x0000000089d00000|  0%| F|  |TAMS 0x0000000089c00000, 0x0000000089c00000| Untracked 
| 157|0x0000000089d00000, 0x0000000089d00000, 0x0000000089e00000|  0%| F|  |TAMS 0x0000000089d00000, 0x0000000089d00000| Untracked 
| 158|0x0000000089e00000, 0x0000000089e00000, 0x0000000089f00000|  0%| F|  |TAMS 0x0000000089e00000, 0x0000000089e00000| Untracked 
| 159|0x0000000089f00000, 0x0000000089f00000, 0x000000008a000000|  0%| F|  |TAMS 0x0000000089f00000, 0x0000000089f00000| Untracked 
| 160|0x000000008a000000, 0x000000008a000000, 0x000000008a100000|  0%| F|  |TAMS 0x000000008a000000, 0x000000008a000000| Untracked 
| 161|0x000000008a100000, 0x000000008a100000, 0x000000008a200000|  0%| F|  |TAMS 0x000000008a100000, 0x000000008a100000| Untracked 
| 162|0x000000008a200000, 0x000000008a200000, 0x000000008a300000|  0%| F|  |TAMS 0x000000008a200000, 0x000000008a200000| Untracked 
| 163|0x000000008a300000, 0x000000008a300000, 0x000000008a400000|  0%| F|  |TAMS 0x000000008a300000, 0x000000008a300000| Untracked 
| 164|0x000000008a400000, 0x000000008a400000, 0x000000008a500000|  0%| F|  |TAMS 0x000000008a400000, 0x000000008a400000| Untracked 
| 165|0x000000008a500000, 0x000000008a500000, 0x000000008a600000|  0%| F|  |TAMS 0x000000008a500000, 0x000000008a500000| Untracked 
| 166|0x000000008a600000, 0x000000008a600000, 0x000000008a700000|  0%| F|  |TAMS 0x000000008a600000, 0x000000008a600000| Untracked 
| 167|0x000000008a700000, 0x000000008a700000, 0x000000008a800000|  0%| F|  |TAMS 0x000000008a700000, 0x000000008a700000| Untracked 
| 168|0x000000008a800000, 0x000000008a800000, 0x000000008a900000|  0%| F|  |TAMS 0x000000008a800000, 0x000000008a800000| Untracked 
| 169|0x000000008a900000, 0x000000008a900000, 0x000000008aa00000|  0%| F|  |TAMS 0x000000008a900000, 0x000000008a900000| Untracked 
| 170|0x000000008aa00000, 0x000000008aa00000, 0x000000008ab00000|  0%| F|  |TAMS 0x000000008aa00000, 0x000000008aa00000| Untracked 
| 171|0x000000008ab00000, 0x000000008ab00000, 0x000000008ac00000|  0%| F|  |TAMS 0x000000008ab00000, 0x000000008ab00000| Untracked 
| 172|0x000000008ac00000, 0x000000008ac00000, 0x000000008ad00000|  0%| F|  |TAMS 0x000000008ac00000, 0x000000008ac00000| Untracked 
| 173|0x000000008ad00000, 0x000000008ad00000, 0x000000008ae00000|  0%| F|  |TAMS 0x000000008ad00000, 0x000000008ad00000| Untracked 
| 174|0x000000008ae00000, 0x000000008ae00000, 0x000000008af00000|  0%| F|  |TAMS 0x000000008ae00000, 0x000000008ae00000| Untracked 
| 175|0x000000008af00000, 0x000000008af00000, 0x000000008b000000|  0%| F|  |TAMS 0x000000008af00000, 0x000000008af00000| Untracked 
| 176|0x000000008b000000, 0x000000008b000000, 0x000000008b100000|  0%| F|  |TAMS 0x000000008b000000, 0x000000008b000000| Untracked 
| 177|0x000000008b100000, 0x000000008b100000, 0x000000008b200000|  0%| F|  |TAMS 0x000000008b100000, 0x000000008b100000| Untracked 
| 178|0x000000008b200000, 0x000000008b200000, 0x000000008b300000|  0%| F|  |TAMS 0x000000008b200000, 0x000000008b200000| Untracked 
| 179|0x000000008b300000, 0x000000008b300000, 0x000000008b400000|  0%| F|  |TAMS 0x000000008b300000, 0x000000008b300000| Untracked 
| 180|0x000000008b400000, 0x000000008b400000, 0x000000008b500000|  0%| F|  |TAMS 0x000000008b400000, 0x000000008b400000| Untracked 
| 181|0x000000008b500000, 0x000000008b600000, 0x000000008b600000|100%| S|CS|TAMS 0x000000008b500000, 0x000000008b500000| Complete 
| 182|0x000000008b600000, 0x000000008b700000, 0x000000008b700000|100%| S|CS|TAMS 0x000000008b600000, 0x000000008b600000| Complete 
| 183|0x000000008b700000, 0x000000008b800000, 0x000000008b800000|100%| S|CS|TAMS 0x000000008b700000, 0x000000008b700000| Complete 
| 184|0x000000008b800000, 0x000000008b900000, 0x000000008b900000|100%| S|CS|TAMS 0x000000008b800000, 0x000000008b800000| Complete 
| 185|0x000000008b900000, 0x000000008ba00000, 0x000000008ba00000|100%| S|CS|TAMS 0x000000008b900000, 0x000000008b900000| Complete 
| 186|0x000000008ba00000, 0x000000008bb00000, 0x000000008bb00000|100%| S|CS|TAMS 0x000000008ba00000, 0x000000008ba00000| Complete 
| 187|0x000000008bb00000, 0x000000008bb00000, 0x000000008bc00000|  0%| F|  |TAMS 0x000000008bb00000, 0x000000008bb00000| Untracked 
| 188|0x000000008bc00000, 0x000000008bc00000, 0x000000008bd00000|  0%| F|  |TAMS 0x000000008bc00000, 0x000000008bc00000| Untracked 
| 189|0x000000008bd00000, 0x000000008bd00000, 0x000000008be00000|  0%| F|  |TAMS 0x000000008bd00000, 0x000000008bd00000| Untracked 
| 190|0x000000008be00000, 0x000000008be00000, 0x000000008bf00000|  0%| F|  |TAMS 0x000000008be00000, 0x000000008be00000| Untracked 
| 191|0x000000008bf00000, 0x000000008bf00000, 0x000000008c000000|  0%| F|  |TAMS 0x000000008bf00000, 0x000000008bf00000| Untracked 
| 192|0x000000008c000000, 0x000000008c000000, 0x000000008c100000|  0%| F|  |TAMS 0x000000008c000000, 0x000000008c000000| Untracked 
| 193|0x000000008c100000, 0x000000008c193608, 0x000000008c200000| 57%| E|  |TAMS 0x000000008c100000, 0x000000008c100000| Complete 
| 194|0x000000008c200000, 0x000000008c300000, 0x000000008c300000|100%| E|CS|TAMS 0x000000008c200000, 0x000000008c200000| Complete 
| 195|0x000000008c300000, 0x000000008c400000, 0x000000008c400000|100%| E|CS|TAMS 0x000000008c300000, 0x000000008c300000| Complete 
| 196|0x000000008c400000, 0x000000008c500000, 0x000000008c500000|100%| E|CS|TAMS 0x000000008c400000, 0x000000008c400000| Complete 
| 197|0x000000008c500000, 0x000000008c600000, 0x000000008c600000|100%| E|CS|TAMS 0x000000008c500000, 0x000000008c500000| Complete 
| 198|0x000000008c600000, 0x000000008c700000, 0x000000008c700000|100%| E|  |TAMS 0x000000008c600000, 0x000000008c600000| Complete 
| 199|0x000000008c700000, 0x000000008c800000, 0x000000008c800000|100%| E|CS|TAMS 0x000000008c700000, 0x000000008c700000| Complete 
| 200|0x000000008c800000, 0x000000008c900000, 0x000000008c900000|100%| E|CS|TAMS 0x000000008c800000, 0x000000008c800000| Complete 
| 201|0x000000008c900000, 0x000000008ca00000, 0x000000008ca00000|100%| E|CS|TAMS 0x000000008c900000, 0x000000008c900000| Complete 
| 202|0x000000008ca00000, 0x000000008cb00000, 0x000000008cb00000|100%| E|CS|TAMS 0x000000008ca00000, 0x000000008ca00000| Complete 
| 203|0x000000008cb00000, 0x000000008cc00000, 0x000000008cc00000|100%| E|CS|TAMS 0x000000008cb00000, 0x000000008cb00000| Complete 
| 204|0x000000008cc00000, 0x000000008cd00000, 0x000000008cd00000|100%| E|CS|TAMS 0x000000008cc00000, 0x000000008cc00000| Complete 
| 205|0x000000008cd00000, 0x000000008ce00000, 0x000000008ce00000|100%| E|CS|TAMS 0x000000008cd00000, 0x000000008cd00000| Complete 
| 206|0x000000008ce00000, 0x000000008cf00000, 0x000000008cf00000|100%| E|CS|TAMS 0x000000008ce00000, 0x000000008ce00000| Complete 
| 207|0x000000008cf00000, 0x000000008d000000, 0x000000008d000000|100%| E|CS|TAMS 0x000000008cf00000, 0x000000008cf00000| Complete 
| 208|0x000000008d000000, 0x000000008d100000, 0x000000008d100000|100%| E|CS|TAMS 0x000000008d000000, 0x000000008d000000| Complete 
| 209|0x000000008d100000, 0x000000008d200000, 0x000000008d200000|100%| E|CS|TAMS 0x000000008d100000, 0x000000008d100000| Complete 
| 210|0x000000008d200000, 0x000000008d300000, 0x000000008d300000|100%| E|CS|TAMS 0x000000008d200000, 0x000000008d200000| Complete 
| 211|0x000000008d300000, 0x000000008d400000, 0x000000008d400000|100%| E|CS|TAMS 0x000000008d300000, 0x000000008d300000| Complete 
| 212|0x000000008d400000, 0x000000008d500000, 0x000000008d500000|100%| E|CS|TAMS 0x000000008d400000, 0x000000008d400000| Complete 
| 213|0x000000008d500000, 0x000000008d600000, 0x000000008d600000|100%| E|CS|TAMS 0x000000008d500000, 0x000000008d500000| Complete 
| 214|0x000000008d600000, 0x000000008d700000, 0x000000008d700000|100%| E|CS|TAMS 0x000000008d600000, 0x000000008d600000| Complete 
| 215|0x000000008d700000, 0x000000008d800000, 0x000000008d800000|100%| E|CS|TAMS 0x000000008d700000, 0x000000008d700000| Complete 
| 216|0x000000008d800000, 0x000000008d900000, 0x000000008d900000|100%| E|CS|TAMS 0x000000008d800000, 0x000000008d800000| Complete 
| 217|0x000000008d900000, 0x000000008da00000, 0x000000008da00000|100%| E|CS|TAMS 0x000000008d900000, 0x000000008d900000| Complete 
| 218|0x000000008da00000, 0x000000008db00000, 0x000000008db00000|100%| E|CS|TAMS 0x000000008da00000, 0x000000008da00000| Complete 
| 219|0x000000008db00000, 0x000000008dc00000, 0x000000008dc00000|100%| E|CS|TAMS 0x000000008db00000, 0x000000008db00000| Complete 
| 220|0x000000008dc00000, 0x000000008dd00000, 0x000000008dd00000|100%| E|CS|TAMS 0x000000008dc00000, 0x000000008dc00000| Complete 
| 221|0x000000008dd00000, 0x000000008de00000, 0x000000008de00000|100%| E|CS|TAMS 0x000000008dd00000, 0x000000008dd00000| Complete 
| 222|0x000000008de00000, 0x000000008df00000, 0x000000008df00000|100%| E|CS|TAMS 0x000000008de00000, 0x000000008de00000| Complete 
| 223|0x000000008df00000, 0x000000008e000000, 0x000000008e000000|100%| E|CS|TAMS 0x000000008df00000, 0x000000008df00000| Complete 
| 224|0x000000008e000000, 0x000000008e100000, 0x000000008e100000|100%| E|CS|TAMS 0x000000008e000000, 0x000000008e000000| Complete 
| 225|0x000000008e100000, 0x000000008e200000, 0x000000008e200000|100%| E|CS|TAMS 0x000000008e100000, 0x000000008e100000| Complete 
| 226|0x000000008e200000, 0x000000008e300000, 0x000000008e300000|100%| E|CS|TAMS 0x000000008e200000, 0x000000008e200000| Complete 
| 227|0x000000008e300000, 0x000000008e400000, 0x000000008e400000|100%| E|CS|TAMS 0x000000008e300000, 0x000000008e300000| Complete 
| 228|0x000000008e400000, 0x000000008e500000, 0x000000008e500000|100%| E|CS|TAMS 0x000000008e400000, 0x000000008e400000| Complete 
| 229|0x000000008e500000, 0x000000008e600000, 0x000000008e600000|100%| E|CS|TAMS 0x000000008e500000, 0x000000008e500000| Complete 
| 230|0x000000008e600000, 0x000000008e700000, 0x000000008e700000|100%| E|CS|TAMS 0x000000008e600000, 0x000000008e600000| Complete 

Card table byte_map: [0x00000226ff2f0000,0x00000226ff6f0000] _byte_map_base: 0x00000226feef0000

Marking Bits (Prev, Next): (CMBitMap*) 0x00000226ea61b970, (CMBitMap*) 0x00000226ea61b938
 Prev Bits: [0x0000022682000000, 0x0000022684000000)
 Next Bits: [0x0000022680000000, 0x0000022682000000)

Polling page: 0x00000226ea6c0000

Metaspace:

Usage:
  Non-class:     83.59 MB capacity,    82.18 MB ( 98%) used,     1.15 MB (  1%) free+waste,   264.94 KB ( <1%) overhead. 
      Class:     12.56 MB capacity,    11.75 MB ( 94%) used,   708.82 KB (  6%) free+waste,   118.13 KB ( <1%) overhead. 
       Both:     96.15 MB capacity,    93.93 MB ( 98%) used,     1.84 MB (  2%) free+waste,   383.06 KB ( <1%) overhead. 

Virtual space:
  Non-class space:       84.00 MB reserved,      83.70 MB (>99%) committed 
      Class space:        1.00 GB reserved,      12.63 MB (  1%) committed 
             Both:        1.08 GB reserved,      96.32 MB (  9%) committed 

Chunk freelists:
   Non-Class:  46.00 KB
       Class:  2.00 KB
        Both:  48.00 KB

MaxMetaspaceSize: 17179869184.00 GB
CompressedClassSpaceSize: 1.00 GB
Initial GC threshold: 20.80 MB
Current GC threshold: 150.96 MB
CDS: off

CodeHeap 'non-profiled nmethods': size=120064Kb used=7892Kb max_used=7892Kb free=112171Kb
 bounds [0x00000226f7380000, 0x00000226f7b40000, 0x00000226fe8c0000]
CodeHeap 'profiled nmethods': size=120000Kb used=27336Kb max_used=27336Kb free=92663Kb
 bounds [0x00000226efe50000, 0x00000226f1910000, 0x00000226f7380000]
CodeHeap 'non-nmethods': size=5696Kb used=2470Kb max_used=2518Kb free=3225Kb
 bounds [0x00000226ef8c0000, 0x00000226efb50000, 0x00000226efe50000]
 total_blobs=13125 nmethods=12112 adapters=925
 compilation: enabled
              stopped_count=0, restarted_count=0
 full_count=0

Compilation events (20 events):
Event: 40.906 Thread 0x00000226861da000 12225       3       org.gradle.api.internal.artifacts.ivyservice.resolveengine.artifact.ArtifactBackedResolvedVariant$SingleArtifactSet::visit (8 bytes)
Event: 40.907 Thread 0x00000226861da000 nmethod 12225 0x00000226f18fb310 code [0x00000226f18fb4c0, 0x00000226f18fb688]
Event: 40.907 Thread 0x00000226861da000 12226       3       org.gradle.api.internal.artifacts.ivyservice.resolveengine.artifact.ArtifactBackedResolvedVariant$SingleArtifactSet::visit (98 bytes)
Event: 40.909 Thread 0x00000226861da000 nmethod 12226 0x00000226f18fb790 code [0x00000226f18fbbe0, 0x00000226f18fdc88]
Event: 40.909 Thread 0x00000226861da000 12227       3       org.gradle.api.internal.artifacts.transform.AbstractTransformedArtifactSet$CalculateArtifacts::calculateValue (6 bytes)
Event: 40.909 Thread 0x00000226861da000 nmethod 12227 0x00000226f18fe690 code [0x00000226f18fe840, 0x00000226f18fe988]
Event: 40.909 Thread 0x00000226861da000 12228       3       org.gradle.api.internal.artifacts.transform.TransformingAsyncArtifactListener::visitArtifacts (15 bytes)
Event: 40.910 Thread 0x00000226861da000 nmethod 12228 0x00000226f18fea10 code [0x00000226f18febe0, 0x00000226f18fef28]
Event: 40.910 Thread 0x00000226861da000 12229   !   3       org.gradle.internal.work.DefaultWorkerLeaseService::withLocks (51 bytes)
Event: 40.911 Thread 0x00000226861da000 nmethod 12229 0x00000226f18ff090 code [0x00000226f18ff360, 0x00000226f18fffe8]
Event: 40.911 Thread 0x00000226861da000 12230       3       org.gradle.internal.work.DefaultWorkerLeaseService$3::transform (9 bytes)
Event: 40.912 Thread 0x00000226861da000 nmethod 12230 0x00000226f1900510 code [0x00000226f19006e0, 0x00000226f1900928]
Event: 40.912 Thread 0x00000226861da000 12231       3       org.gradle.api.internal.artifacts.transform.CacheableInvocation$3::getCachedResult (4 bytes)
Event: 40.912 Thread 0x00000226861da000 nmethod 12231 0x00000226f1900a10 code [0x00000226f1900bc0, 0x00000226f1900d18]
Event: 40.912 Thread 0x00000226861da000 12232       3       org.gradle.internal.work.DefaultWorkerLeaseService::containsProjectLocks (40 bytes)
Event: 40.912 Thread 0x00000226861da000 nmethod 12232 0x00000226f1900e10 code [0x00000226f1901020, 0x00000226f1901648]
Event: 40.912 Thread 0x00000226861da000 12233       3       org.gradle.internal.resources.DefaultResourceLockCoordinationService::lock (10 bytes)
Event: 40.913 Thread 0x00000226861da000 nmethod 12233 0x00000226f1901790 code [0x00000226f1901960, 0x00000226f1901bb8]
Event: 40.914 Thread 0x00000226861da000 12234       3       org.gradle.internal.operations.DefaultBuildOperationQueue$WorkerRunnable$$Lambda$537/0x0000000100667c40::get$Lambda (10 bytes)
Event: 40.915 Thread 0x00000226861da000 nmethod 12234 0x00000226f1901c90 code [0x00000226f1901e60, 0x00000226f1902118]

GC Heap History (20 events):
Event: 34.690 GC heap before
{Heap before GC invocations=21 (full 0):
 garbage-first heap   total 196608K, used 162169K [0x0000000080000000, 0x0000000100000000)
  region size 1024K, 32 young (32768K), 5 survivors (5120K)
 Metaspace       used 89983K, capacity 92107K, committed 92236K, reserved 1128448K
  class space    used 11534K, capacity 12355K, committed 12416K, reserved 1048576K
}
Event: 34.705 GC heap after
{Heap after GC invocations=22 (full 0):
 garbage-first heap   total 196608K, used 132019K [0x0000000080000000, 0x0000000100000000)
  region size 1024K, 3 young (3072K), 3 survivors (3072K)
 Metaspace       used 89983K, capacity 92107K, committed 92236K, reserved 1128448K
  class space    used 11534K, capacity 12355K, committed 12416K, reserved 1048576K
}
Event: 34.969 GC heap before
{Heap before GC invocations=22 (full 0):
 garbage-first heap   total 196608K, used 157619K [0x0000000080000000, 0x0000000100000000)
  region size 1024K, 30 young (30720K), 3 survivors (3072K)
 Metaspace       used 90030K, capacity 92235K, committed 92492K, reserved 1130496K
  class space    used 11535K, capacity 12355K, committed 12416K, reserved 1048576K
}
Event: 34.975 GC heap after
{Heap after GC invocations=23 (full 0):
 garbage-first heap   total 196608K, used 133069K [0x0000000080000000, 0x0000000100000000)
  region size 1024K, 2 young (2048K), 2 survivors (2048K)
 Metaspace       used 90030K, capacity 92235K, committed 92492K, reserved 1130496K
  class space    used 11535K, capacity 12355K, committed 12416K, reserved 1048576K
}
Event: 35.466 GC heap before
{Heap before GC invocations=24 (full 0):
 garbage-first heap   total 196608K, used 161741K [0x0000000080000000, 0x0000000100000000)
  region size 1024K, 30 young (30720K), 2 survivors (2048K)
 Metaspace       used 90072K, capacity 92296K, committed 92492K, reserved 1130496K
  class space    used 11535K, capacity 12354K, committed 12416K, reserved 1048576K
}
Event: 35.470 GC heap after
{Heap after GC invocations=25 (full 0):
 garbage-first heap   total 196608K, used 134644K [0x0000000080000000, 0x0000000100000000)
  region size 1024K, 2 young (2048K), 2 survivors (2048K)
 Metaspace       used 90072K, capacity 92296K, committed 92492K, reserved 1130496K
  class space    used 11535K, capacity 12354K, committed 12416K, reserved 1048576K
}
Event: 35.546 GC heap before
{Heap before GC invocations=25 (full 0):
 garbage-first heap   total 196608K, used 141812K [0x0000000080000000, 0x0000000100000000)
  region size 1024K, 10 young (10240K), 2 survivors (2048K)
 Metaspace       used 90079K, capacity 92296K, committed 92492K, reserved 1130496K
  class space    used 11535K, capacity 12354K, committed 12416K, reserved 1048576K
}
Event: 35.555 GC heap after
{Heap after GC invocations=26 (full 0):
 garbage-first heap   total 196608K, used 134564K [0x0000000080000000, 0x0000000100000000)
  region size 1024K, 2 young (2048K), 2 survivors (2048K)
 Metaspace       used 90079K, capacity 92296K, committed 92492K, reserved 1130496K
  class space    used 11535K, capacity 12354K, committed 12416K, reserved 1048576K
}
Event: 36.025 GC heap before
{Heap before GC invocations=26 (full 0):
 garbage-first heap   total 196608K, used 151972K [0x0000000080000000, 0x0000000100000000)
  region size 1024K, 25 young (25600K), 2 survivors (2048K)
 Metaspace       used 90102K, capacity 92296K, committed 92492K, reserved 1130496K
  class space    used 11535K, capacity 12354K, committed 12416K, reserved 1048576K
}
Event: 36.031 GC heap after
{Heap after GC invocations=27 (full 0):
 garbage-first heap   total 196608K, used 129659K [0x0000000080000000, 0x0000000100000000)
  region size 1024K, 2 young (2048K), 2 survivors (2048K)
 Metaspace       used 90102K, capacity 92296K, committed 92492K, reserved 1130496K
  class space    used 11535K, capacity 12354K, committed 12416K, reserved 1048576K
}
Event: 36.105 GC heap before
{Heap before GC invocations=28 (full 0):
 garbage-first heap   total 196608K, used 136827K [0x0000000080000000, 0x0000000100000000)
  region size 1024K, 10 young (10240K), 2 survivors (2048K)
 Metaspace       used 90106K, capacity 92296K, committed 92492K, reserved 1130496K
  class space    used 11535K, capacity 12354K, committed 12416K, reserved 1048576K
}
Event: 36.108 GC heap after
{Heap after GC invocations=29 (full 0):
 garbage-first heap   total 196608K, used 127490K [0x0000000080000000, 0x0000000100000000)
  region size 1024K, 2 young (2048K), 2 survivors (2048K)
 Metaspace       used 90106K, capacity 92296K, committed 92492K, reserved 1130496K
  class space    used 11535K, capacity 12354K, committed 12416K, reserved 1048576K
}
Event: 36.592 GC heap before
{Heap before GC invocations=30 (full 0):
 garbage-first heap   total 196608K, used 157186K [0x0000000080000000, 0x0000000100000000)
  region size 1024K, 26 young (26624K), 2 survivors (2048K)
 Metaspace       used 90163K, capacity 92306K, committed 92492K, reserved 1130496K
  class space    used 11540K, capacity 12356K, committed 12416K, reserved 1048576K
}
Event: 36.598 GC heap after
{Heap after GC invocations=31 (full 0):
 garbage-first heap   total 196608K, used 131469K [0x0000000080000000, 0x0000000100000000)
  region size 1024K, 2 young (2048K), 2 survivors (2048K)
 Metaspace       used 90163K, capacity 92306K, committed 92492K, reserved 1130496K
  class space    used 11540K, capacity 12356K, committed 12416K, reserved 1048576K
}
Event: 36.873 GC heap before
{Heap before GC invocations=31 (full 0):
 garbage-first heap   total 196608K, used 136589K [0x0000000080000000, 0x0000000100000000)
  region size 1024K, 9 young (9216K), 2 survivors (2048K)
 Metaspace       used 90194K, capacity 92370K, committed 92492K, reserved 1130496K
  class space    used 11540K, capacity 12356K, committed 12416K, reserved 1048576K
}
Event: 36.890 GC heap after
{Heap after GC invocations=32 (full 0):
 garbage-first heap   total 196608K, used 120497K [0x0000000080000000, 0x0000000100000000)
  region size 1024K, 4 young (4096K), 4 survivors (4096K)
 Metaspace       used 90194K, capacity 92370K, committed 92492K, reserved 1130496K
  class space    used 11540K, capacity 12356K, committed 12416K, reserved 1048576K
}
Event: 38.170 GC heap before
{Heap before GC invocations=33 (full 0):
 garbage-first heap   total 196608K, used 140977K [0x0000000080000000, 0x0000000100000000)
  region size 1024K, 29 young (29696K), 4 survivors (4096K)
 Metaspace       used 92634K, capacity 94846K, committed 94924K, reserved 1132544K
  class space    used 11740K, capacity 12543K, committed 12544K, reserved 1048576K
}
Event: 38.194 GC heap after
{Heap after GC invocations=34 (full 0):
 garbage-first heap   total 236544K, used 104495K [0x0000000080000000, 0x0000000100000000)
  region size 1024K, 4 young (4096K), 4 survivors (4096K)
 Metaspace       used 92634K, capacity 94846K, committed 94924K, reserved 1132544K
  class space    used 11740K, capacity 12543K, committed 12544K, reserved 1048576K
}
Event: 39.315 GC heap before
{Heap before GC invocations=34 (full 0):
 garbage-first heap   total 236544K, used 148527K [0x0000000080000000, 0x0000000100000000)
  region size 1024K, 48 young (49152K), 4 survivors (4096K)
 Metaspace       used 95737K, capacity 97984K, committed 98124K, reserved 1134592K
  class space    used 12017K, capacity 12852K, committed 12928K, reserved 1048576K
}
Event: 39.337 GC heap after
{Heap after GC invocations=35 (full 0):
 garbage-first heap   total 236544K, used 112089K [0x0000000080000000, 0x0000000100000000)
  region size 1024K, 6 young (6144K), 6 survivors (6144K)
 Metaspace       used 95737K, capacity 97984K, committed 98124K, reserved 1134592K
  class space    used 12017K, capacity 12852K, committed 12928K, reserved 1048576K
}

Deoptimization events (20 events):
Event: 39.822 Thread 0x000002268e985800 Uncommon trap: trap_request=0xffffffde fr.pc=0x00000226f7ab8d0c relative=0x000000000000014c
Event: 39.822 Thread 0x000002268e985800 Uncommon trap: reason=class_check action=maybe_recompile pc=0x00000226f7ab8d0c method=com.google.common.collect.RegularImmutableMap.get(Ljava/lang/Object;[Lcom/google/common/collect/ImmutableMapEntry;I)Ljava/lang/Object; @ 54 c2
Event: 39.822 Thread 0x000002268e985800 DEOPT PACKING pc=0x00000226f7ab8d0c sp=0x0000007c9eafda50
Event: 39.822 Thread 0x000002268e985800 DEOPT UNPACKING pc=0x00000226ef90a1af sp=0x0000007c9eafd9d0 mode 2
Event: 39.822 Thread 0x000002268e985800 Uncommon trap: trap_request=0xffffffde fr.pc=0x00000226f7ab8d0c relative=0x000000000000014c
Event: 39.822 Thread 0x000002268e985800 Uncommon trap: reason=class_check action=maybe_recompile pc=0x00000226f7ab8d0c method=com.google.common.collect.RegularImmutableMap.get(Ljava/lang/Object;[Lcom/google/common/collect/ImmutableMapEntry;I)Ljava/lang/Object; @ 54 c2
Event: 39.822 Thread 0x000002268e985800 DEOPT PACKING pc=0x00000226f7ab8d0c sp=0x0000007c9eafda50
Event: 39.822 Thread 0x000002268e985800 DEOPT UNPACKING pc=0x00000226ef90a1af sp=0x0000007c9eafd9d0 mode 2
Event: 39.822 Thread 0x000002268e985800 Uncommon trap: trap_request=0xffffff4d fr.pc=0x00000226f7ab8d00 relative=0x0000000000000140
Event: 39.822 Thread 0x000002268e985800 Uncommon trap: reason=unstable_if action=reinterpret pc=0x00000226f7ab8d00 method=com.google.common.collect.RegularImmutableMap.get(Ljava/lang/Object;[Lcom/google/common/collect/ImmutableMapEntry;I)Ljava/lang/Object; @ 27 c2
Event: 39.822 Thread 0x000002268e985800 DEOPT PACKING pc=0x00000226f7ab8d00 sp=0x0000007c9eafda50
Event: 39.822 Thread 0x000002268e985800 DEOPT UNPACKING pc=0x00000226ef90a1af sp=0x0000007c9eafd9d0 mode 2
Event: 39.837 Thread 0x000002268e986800 DEOPT PACKING pc=0x00000226f16620c6 sp=0x0000007c9e6fddb0
Event: 39.837 Thread 0x000002268e986800 DEOPT UNPACKING pc=0x00000226ef90a95e sp=0x0000007c9e6fd250 mode 0
Event: 40.062 Thread 0x000002268c667000 DEOPT PACKING pc=0x00000226f141c5b4 sp=0x0000007c9cbfbcb0
Event: 40.062 Thread 0x000002268c667000 DEOPT UNPACKING pc=0x00000226ef90a95e sp=0x0000007c9cbfb250 mode 0
Event: 40.095 Thread 0x0000022688f12000 Uncommon trap: trap_request=0xffffff4d fr.pc=0x00000226f7ac3770 relative=0x0000000000000ad0
Event: 40.095 Thread 0x0000022688f12000 Uncommon trap: reason=unstable_if action=reinterpret pc=0x00000226f7ac3770 method=org.gradle.internal.snapshot.PathUtil.compareDifferentCharsIgnoringCase(CC)I @ 12 c2
Event: 40.095 Thread 0x0000022688f12000 DEOPT PACKING pc=0x00000226f7ac3770 sp=0x0000007c9a0f73d0
Event: 40.095 Thread 0x0000022688f12000 DEOPT UNPACKING pc=0x00000226ef90a1af sp=0x0000007c9a0f7270 mode 2

Classes redefined (0 events):
No events

Internal exceptions (20 events):
Event: 32.815 Thread 0x000002268c67a000 Exception <a 'java/lang/NoSuchMethodError'{0x000000008b9cafe0}: <clinit>> (0x000000008b9cafe0) thrown at [./src/hotspot/share/prims/jni.cpp, line 1365]
Event: 32.818 Thread 0x000002268c67a000 Exception <a 'java/lang/NoSuchMethodError'{0x000000008b9eca78}: <clinit>> (0x000000008b9eca78) thrown at [./src/hotspot/share/prims/jni.cpp, line 1365]
Event: 32.819 Thread 0x000002268c67a000 Exception <a 'java/lang/NoSuchMethodError'{0x000000008b9ff778}: <clinit>> (0x000000008b9ff778) thrown at [./src/hotspot/share/prims/jni.cpp, line 1365]
Event: 33.049 Thread 0x000002268e985000 Exception <a 'java/lang/ClassNotFoundException'{0x000000008bf3aef8}: sun/awt/resources/spi/awtProvider> (0x000000008bf3aef8) thrown at [./src/hotspot/share/classfile/systemDictionary.cpp, line 231]
Event: 33.091 Thread 0x000002268e985000 Exception <a 'java/io/FileNotFoundException'{0x000000008bfeacf8}> (0x000000008bfeacf8) thrown at [./src/hotspot/share/prims/jni.cpp, line 615]
Event: 33.093 Thread 0x000002268e985000 Exception <a 'java/io/FileNotFoundException'{0x000000008bfeeda8}> (0x000000008bfeeda8) thrown at [./src/hotspot/share/prims/jni.cpp, line 615]
Event: 34.646 Thread 0x000002268c67a000 Implicit null exception at 0x00000226f7983c27 to 0x00000226f798491c
Event: 36.977 Thread 0x000002268c67a000 Implicit null exception at 0x00000226f79722bd to 0x00000226f7977648
Event: 37.205 Thread 0x000002268c67a000 Exception <a 'java/lang/NoSuchMethodError'{0x000000008bd1f5f0}: <clinit>> (0x000000008bd1f5f0) thrown at [./src/hotspot/share/prims/jni.cpp, line 1365]
Event: 37.259 Thread 0x000002268c67a000 Exception <a 'java/lang/NoSuchMethodError'{0x000000008bc6fdf0}: <clinit>> (0x000000008bc6fdf0) thrown at [./src/hotspot/share/prims/jni.cpp, line 1365]
Event: 37.272 Thread 0x000002268c67a000 Exception <a 'java/lang/NoSuchMethodError'{0x000000008bcfcfa8}: <clinit>> (0x000000008bcfcfa8) thrown at [./src/hotspot/share/prims/jni.cpp, line 1365]
Event: 38.263 Thread 0x000002268e983800 Implicit null exception at 0x00000226f7a17987 to 0x00000226f7a17cac
Event: 38.514 Thread 0x000002268e983800 Exception <a 'sun/nio/fs/WindowsException'{0x000000008dc4efe8}> (0x000000008dc4efe8) thrown at [./src/hotspot/share/prims/jni.cpp, line 615]
Event: 38.544 Thread 0x000002268e983800 Exception <a 'sun/nio/fs/WindowsException'{0x000000008dc9e470}> (0x000000008dc9e470) thrown at [./src/hotspot/share/prims/jni.cpp, line 615]
Event: 38.644 Thread 0x000002268e983800 Exception <a 'java/lang/NoSuchMethodError'{0x000000008d9e7a08}: 'java.lang.Object java.lang.invoke.DirectMethodHandle$Holder.newInvokeSpecial(java.lang.Object, java.lang.Object, java.lang.Object, java.lang.Object)'> (0x000000008d9e7a08) thrown at [./src/hotspot/share/interpreter/linkResolver.cpp, line 773]
Event: 40.165 Thread 0x0000022688f12000 Exception <a 'java/lang/NoSuchMethodError'{0x000000008d207060}: <clinit>> (0x000000008d207060) thrown at [./src/hotspot/share/prims/jni.cpp, line 1365]
Event: 40.165 Thread 0x0000022688f12000 Exception <a 'java/lang/NoSuchMethodError'{0x000000008d2090f0}: <clinit>> (0x000000008d2090f0) thrown at [./src/hotspot/share/prims/jni.cpp, line 1365]
Event: 40.165 Thread 0x0000022688f12000 Exception <a 'java/lang/NoSuchMethodError'{0x000000008d20ca80}: <clinit>> (0x000000008d20ca80) thrown at [./src/hotspot/share/prims/jni.cpp, line 1365]
Event: 40.167 Thread 0x0000022688f12000 Exception <a 'java/lang/NoSuchMethodError'{0x000000008d234ac0}: <clinit>> (0x000000008d234ac0) thrown at [./src/hotspot/share/prims/jni.cpp, line 1365]
Event: 40.167 Thread 0x0000022688f12000 Exception <a 'java/lang/NoSuchMethodError'{0x000000008d236798}: <clinit>> (0x000000008d236798) thrown at [./src/hotspot/share/prims/jni.cpp, line 1365]

Events (20 events):
Event: 40.064 Executing VM operation: RevokeBias
Event: 40.065 Executing VM operation: RevokeBias done
Event: 40.128 loading class org/gradle/internal/snapshot/impl/ManagedValueSnapshot
Event: 40.128 loading class org/gradle/internal/snapshot/impl/ManagedValueSnapshot done
Event: 40.166 loading class kotlin/reflect/KClass
Event: 40.166 loading class kotlin/reflect/KClass done
Event: 40.168 loading class org/gradle/internal/snapshot/FileSystemLocationSnapshot
Event: 40.168 loading class org/gradle/internal/snapshot/FileSystemLocationSnapshot done
Event: 40.168 loading class org/gradle/internal/fingerprint/impl/IgnoredPathFingerprintingStrategy
Event: 40.168 loading class org/gradle/internal/fingerprint/impl/IgnoredPathFingerprintingStrategy done
Event: 40.168 loading class org/gradle/internal/fingerprint/impl/IgnoredPathFingerprintingStrategy$1
Event: 40.168 loading class org/gradle/internal/fingerprint/impl/IgnoredPathFingerprintingStrategy$1 done
Event: 40.191 loading class org/gradle/api/internal/artifacts/ivyservice/clientmodule/ClientModuleResolver$ClientModuleComponentResolveMetadata
Event: 40.191 loading class org/gradle/api/internal/artifacts/ivyservice/clientmodule/ClientModuleResolver$ClientModuleComponentResolveMetadata done
Event: 40.192 loading class org/gradle/api/internal/artifacts/ivyservice/clientmodule/ClientModuleResolver$ClientModuleConfigurationMetadata
Event: 40.192 loading class org/gradle/api/internal/artifacts/ivyservice/clientmodule/ClientModuleResolver$ClientModuleConfigurationMetadata done
Event: 40.193 Executing VM operation: Deoptimize
Event: 40.194 Executing VM operation: Deoptimize done
Event: 40.361 Executing VM operation: RevokeBias
Event: 40.362 Executing VM operation: RevokeBias done


Dynamic libraries:
0x00007ff6c8410000 - 0x00007ff6c841a000 	C:\Program Files\Android\Android Studio\jre\bin\java.exe
0x00007ffde3c10000 - 0x00007ffde3e06000 	C:\Windows\SYSTEM32\ntdll.dll
0x00007ffde3af0000 - 0x00007ffde3bad000 	C:\Windows\System32\KERNEL32.DLL
0x00007ffde1450000 - 0x00007ffde1718000 	C:\Windows\System32\KERNELBASE.dll
0x00007ffde1990000 - 0x00007ffde1a90000 	C:\Windows\System32\ucrtbase.dll
0x00007ffddc380000 - 0x00007ffddc397000 	C:\Program Files\Android\Android Studio\jre\bin\VCRUNTIME140.dll
0x00007ffddc360000 - 0x00007ffddc379000 	C:\Program Files\Android\Android Studio\jre\bin\jli.dll
0x00007ffde36e0000 - 0x00007ffde3880000 	C:\Windows\System32\USER32.dll
0x00007ffdcd640000 - 0x00007ffdcd8db000 	C:\Windows\WinSxS\amd64_microsoft.windows.common-controls_6595b64144ccf1df_6.0.19041.488_none_ca04af081b815d21\COMCTL32.dll
0x00007ffde1960000 - 0x00007ffde1982000 	C:\Windows\System32\win32u.dll
0x00007ffde3340000 - 0x00007ffde33de000 	C:\Windows\System32\msvcrt.dll
0x00007ffde1c70000 - 0x00007ffde1c9a000 	C:\Windows\System32\GDI32.dll
0x00007ffde1720000 - 0x00007ffde1829000 	C:\Windows\System32\gdi32full.dll
0x00007ffde18c0000 - 0x00007ffde195d000 	C:\Windows\System32\msvcp_win.dll
0x00007ffde2180000 - 0x00007ffde21b0000 	C:\Windows\System32\IMM32.DLL
0x00007ffdc6460000 - 0x00007ffdc64fd000 	C:\Program Files\Android\Android Studio\jre\bin\msvcp140.dll
0x00007ffda16a0000 - 0x00007ffda2185000 	C:\Program Files\Android\Android Studio\jre\bin\server\jvm.dll
0x00007ffde3a40000 - 0x00007ffde3aec000 	C:\Windows\System32\ADVAPI32.dll
0x00007ffde2680000 - 0x00007ffde271b000 	C:\Windows\System32\sechost.dll
0x00007ffde27c0000 - 0x00007ffde28e4000 	C:\Windows\System32\RPCRT4.dll
0x00007ffde3a30000 - 0x00007ffde3a38000 	C:\Windows\System32\PSAPI.DLL
0x00007ffdd9ce0000 - 0x00007ffdd9d07000 	C:\Windows\SYSTEM32\WINMM.dll
0x00007ffddabf0000 - 0x00007ffddabf9000 	C:\Windows\SYSTEM32\WSOCK32.dll
0x00007ffdd9d10000 - 0x00007ffdd9d1a000 	C:\Windows\SYSTEM32\VERSION.dll
0x00007ffde2a10000 - 0x00007ffde2a7b000 	C:\Windows\System32\WS2_32.dll
0x00007ffddf2a0000 - 0x00007ffddf2b2000 	C:\Windows\SYSTEM32\kernel.appcore.dll
0x00007ffdcac30000 - 0x00007ffdcac41000 	C:\Program Files\Android\Android Studio\jre\bin\verify.dll
0x00007ffdc41e0000 - 0x00007ffdc43c4000 	C:\Windows\SYSTEM32\DBGHELP.DLL
0x00007ffdc5a00000 - 0x00007ffdc5a2c000 	C:\Windows\SYSTEM32\dbgcore.DLL
0x00007ffde1bf0000 - 0x00007ffde1c6f000 	C:\Windows\System32\bcryptPrimitives.dll
0x00007ffdc59c0000 - 0x00007ffdc59e9000 	C:\Program Files\Android\Android Studio\jre\bin\java.dll
0x00007ffdd9f00000 - 0x00007ffdd9f0b000 	C:\Program Files\Android\Android Studio\jre\bin\jimage.dll
0x00007ffdc96e0000 - 0x00007ffdc96f8000 	C:\Program Files\Android\Android Studio\jre\bin\zip.dll
0x00007ffde2ae0000 - 0x00007ffde3221000 	C:\Windows\System32\SHELL32.dll
0x00007ffddf4a0000 - 0x00007ffddfc35000 	C:\Windows\SYSTEM32\windows.storage.dll
0x00007ffde1ca0000 - 0x00007ffde1ff5000 	C:\Windows\System32\combase.dll
0x00007ffde0dc0000 - 0x00007ffde0dec000 	C:\Windows\SYSTEM32\Wldp.dll
0x00007ffde3290000 - 0x00007ffde333e000 	C:\Windows\System32\SHCORE.dll
0x00007ffde2620000 - 0x00007ffde2675000 	C:\Windows\System32\shlwapi.dll
0x00007ffde1280000 - 0x00007ffde12a6000 	C:\Windows\SYSTEM32\profapi.dll
0x00007ffdc9110000 - 0x00007ffdc912a000 	C:\Program Files\Android\Android Studio\jre\bin\net.dll
0x00007ffdd3b00000 - 0x00007ffdd3c00000 	C:\Windows\SYSTEM32\WINHTTP.dll
0x00007ffde0b40000 - 0x00007ffde0baa000 	C:\Windows\system32\mswsock.dll
0x00007ffdc5f30000 - 0x00007ffdc5f44000 	C:\Program Files\Android\Android Studio\jre\bin\nio.dll
0x00007ffddc3a0000 - 0x00007ffddc3c7000 	C:\Users\Mahadev\.gradle\native\e1d6ef7f7dcc3fd88c89a11ec53ec762bb8ba0a96d01ffa2cd45eb1d1d8dd5c5\windows-amd64\native-platform.dll
0x00007ffdbde90000 - 0x00007ffdbdfd4000 	C:\Users\Mahadev\.gradle\native\5664cfc778a61ccfe75a443a1ab52a65af34e5dc3c78e0209fed803814484fcb\windows-amd64\native-platform-file-events.dll
0x00007ffdda320000 - 0x00007ffdda32a000 	C:\Program Files\Android\Android Studio\jre\bin\management.dll
0x00007ffdda310000 - 0x00007ffdda31d000 	C:\Program Files\Android\Android Studio\jre\bin\management_ext.dll
0x00007ffde0d10000 - 0x00007ffde0d28000 	C:\Windows\SYSTEM32\CRYPTSP.dll
0x00007ffde0460000 - 0x00007ffde0494000 	C:\Windows\system32\rsaenh.dll
0x00007ffde1890000 - 0x00007ffde18b7000 	C:\Windows\System32\bcrypt.dll
0x00007ffde1200000 - 0x00007ffde122e000 	C:\Windows\SYSTEM32\USERENV.dll
0x00007ffde0d30000 - 0x00007ffde0d3c000 	C:\Windows\SYSTEM32\CRYPTBASE.dll
0x00007ffde07e0000 - 0x00007ffde081b000 	C:\Windows\SYSTEM32\IPHLPAPI.DLL
0x00007ffde3bc0000 - 0x00007ffde3bc8000 	C:\Windows\System32\NSI.dll
0x00007ffdd4190000 - 0x00007ffdd41a7000 	C:\Windows\SYSTEM32\dhcpcsvc6.DLL
0x00007ffdd4170000 - 0x00007ffdd418d000 	C:\Windows\SYSTEM32\dhcpcsvc.DLL
0x00007ffde0820000 - 0x00007ffde08eb000 	C:\Windows\SYSTEM32\DNSAPI.dll
0x00007ffdb6080000 - 0x00007ffdb6225000 	C:\Program Files\Android\Android Studio\jre\bin\awt.dll
0x00007ffde2000000 - 0x00007ffde20cd000 	C:\Windows\System32\OLEAUT32.dll
0x00007ffddeee0000 - 0x00007ffddef0f000 	C:\Windows\SYSTEM32\dwmapi.dll
0x00007ffddece0000 - 0x00007ffdded70000 	C:\Windows\SYSTEM32\apphelp.dll
0x00007ffdded90000 - 0x00007ffddee2e000 	C:\Windows\system32\uxtheme.dll
0x00007ffde0090000 - 0x00007ffde00c3000 	C:\Windows\SYSTEM32\ntmarta.dll

dbghelp: loaded successfully - version: 4.0.5 - missing functions: none
symbol engine: initialized successfully - sym options: 0x614 - pdb path: .;C:\Program Files\Android\Android Studio\jre\bin;C:\Windows\SYSTEM32;C:\Windows\WinSxS\amd64_microsoft.windows.common-controls_6595b64144ccf1df_6.0.19041.488_none_ca04af081b815d21;C:\Program Files\Android\Android Studio\jre\bin\server;C:\Users\Mahadev\.gradle\native\e1d6ef7f7dcc3fd88c89a11ec53ec762bb8ba0a96d01ffa2cd45eb1d1d8dd5c5\windows-amd64;C:\Users\Mahadev\.gradle\native\5664cfc778a61ccfe75a443a1ab52a65af34e5dc3c78e0209fed803814484fcb\windows-amd64

VM Arguments:
jvm_args: --add-opens=java.base/java.util=ALL-UNNAMED --add-opens=java.base/java.lang=ALL-UNNAMED --add-opens=java.base/java.lang.invoke=ALL-UNNAMED --add-opens=java.base/java.util=ALL-UNNAMED --add-opens=java.prefs/java.util.prefs=ALL-UNNAMED --add-opens=java.prefs/java.util.prefs=ALL-UNNAMED --add-opens=java.base/java.nio.charset=ALL-UNNAMED --add-opens=java.base/java.net=ALL-UNNAMED --add-opens=java.base/java.util.concurrent.atomic=ALL-UNNAMED -Xmx2048m -Dfile.encoding=UTF-8 -Duser.country=US -Duser.language=en -Duser.variant 
java_command: org.gradle.launcher.daemon.bootstrap.GradleDaemon 7.3.3
java_class_path (initial): C:\Users\Mahadev\.gradle\wrapper\dists\gradle-7.3.3-bin\6a41zxkdtcxs8rphpq6y0069z\gradle-7.3.3\lib\gradle-launcher-7.3.3.jar
Launcher Type: SUN_STANDARD

[Global flags]
     intx CICompilerCount                          = 3                                         {product} {ergonomic}
     uint ConcGCThreads                            = 1                                         {product} {ergonomic}
     uint G1ConcRefinementThreads                  = 4                                         {product} {ergonomic}
   size_t G1HeapRegionSize                         = 1048576                                   {product} {ergonomic}
    uintx GCDrainStackTargetSize                   = 64                                        {product} {ergonomic}
   size_t InitialHeapSize                          = 134217728                                 {product} {ergonomic}
   size_t MarkStackSize                            = 4194304                                   {product} {ergonomic}
   size_t MaxHeapSize                              = 2147483648                                {product} {command line}
   size_t MaxNewSize                               = 1287651328                                {product} {ergonomic}
   size_t MinHeapDeltaBytes                        = 1048576                                   {product} {ergonomic}
    uintx NonNMethodCodeHeapSize                   = 5830732                                {pd product} {ergonomic}
    uintx NonProfiledCodeHeapSize                  = 122913754                              {pd product} {ergonomic}
    uintx ProfiledCodeHeapSize                     = 122913754                              {pd product} {ergonomic}
    uintx ReservedCodeCacheSize                    = 251658240                              {pd product} {ergonomic}
     bool SegmentedCodeCache                       = true                                      {product} {ergonomic}
     bool UseCompressedClassPointers               = true                                 {lp64_product} {ergonomic}
     bool UseCompressedOops                        = true                                 {lp64_product} {ergonomic}
     bool UseG1GC                                  = true                                      {product} {ergonomic}
     bool UseLargePagesIndividualAllocation        = false                                  {pd product} {ergonomic}

Logging:
Log output configuration:
 #0: stdout all=warning uptime,level,tags
 #1: stderr all=off uptime,level,tags

Environment Variables:
PATH=C:\Program Files\Microsoft\jdk-11.0.12.7-hotspot\bin;"C:\Program Files\Common Files\Oracle\Java\javapath;C:\Program Files\Java\jdk\bin;C:\Program Files\Java\jre\bin";C:\Windows\system32;C:\Windows;C:\Windows\System32\Wbem;C:\Windows\System32\WindowsPowerShell\v1.0\;C:\Windows\System32\OpenSSH\;C:\Program Files (x86)\ATI Technologies\ATI.ACE\Core-Static;C:\php8;C:\composer;C:\Program Files\Microsoft SQL Server\150\Tools\Binn\;C:\Program Files\Microsoft SQL Server\Client SDK\ODBC\170\Tools\Binn\;C:\Program Files\dotnet\;C:\Users\Mahadev\AppData\Local\Programs\Python\Python310\bin;C:\Users\Mahadev\AppData\Local\Programs\Python\Python310\;C:\Program Files\Java\jdk\bin;C:\Users\Mahadev\AppData\Roaming\Composer\vendor\bin;C:\Users\Mahadev\.dotnet\tools
USERNAME=Bansi Hada
OS=Windows_NT
PROCESSOR_IDENTIFIER=Intel64 Family 6 Model 42 Stepping 7, GenuineIntel



---------------  S Y S T E M  ---------------

OS: Windows 10 , 64 bit Build 19041 (10.0.19041.546)
OS uptime: 0 days 4:59 hours

CPU:total 4 (initial active 4) (2 cores per cpu, 2 threads per core) family 6 model 42 stepping 7 microcode 0x2f, cmov, cx8, fxsr, mmx, sse, sse2, sse3, ssse3, sse4.1, sse4.2, popcnt, avx, aes, clmul, ht, tsc, tscinvbit

Memory: 4k page, system-wide physical 8103M (2878M free)
TotalPageFile size 9383M (AvailPageFile size 4078M)
current process WorkingSet (physical memory assigned to process): 488M, peak: 508M
current process commit charge ("private bytes"): 526M, peak: 539M

vm_info: OpenJDK 64-Bit Server VM (11.0.12+7-b1504.28-7817840) for windows-amd64 JRE (11.0.12+7-b1504.28-7817840), built on Oct 13 2021 22:12:33 by "builder" with MS VC++ 14.0 (VS2015)

END.
