#
# A fatal error has been detected by the Java Runtime Environment:
#
#  EXCEPTION_ACCESS_VIOLATION (0xc0000005) at pc=0x00007ffd2e6b1a86, pid=4400, tid=8128
#
# JRE version: OpenJDK Runtime Environment (11.0.12+7) (build 11.0.12+7-b1504.28-7817840)
# Java VM: OpenJDK 64-Bit Server VM (11.0.12+7-b1504.28-7817840, mixed mode, tiered, compressed oops, g1 gc, windows-amd64)
# Problematic frame:
# V  [jvm.dll+0x191a86]
#
# No core dump will be written. Minidumps are not enabled by default on client versions of Windows
#
# If you would like to submit a bug report, please visit:
#   https://bugreport.java.com/bugreport/crash.jsp
#

---------------  S U M M A R Y ------------

Command Line: --add-opens=java.base/java.util=ALL-UNNAMED --add-opens=java.base/java.lang=ALL-UNNAMED --add-opens=java.base/java.lang.invoke=ALL-UNNAMED --add-opens=java.base/java.util=ALL-UNNAMED --add-opens=java.prefs/java.util.prefs=ALL-UNNAMED --add-opens=java.prefs/java.util.prefs=ALL-UNNAMED --add-opens=java.base/java.nio.charset=ALL-UNNAMED --add-opens=java.base/java.net=ALL-UNNAMED --add-opens=java.base/java.util.concurrent.atomic=ALL-UNNAMED -Xmx2048m -Dfile.encoding=UTF-8 -Duser.country=US -Duser.language=en -Duser.variant org.gradle.launcher.daemon.bootstrap.GradleDaemon 7.3.3

Host: Intel(R) Core(TM) i5-2430M CPU @ 2.40GHz, 4 cores, 7G,  Windows 10 , 64 bit Build 19041 (10.0.19041.546)
Time: Sat Sep  3 14:11:21 2022 India Standard Time elapsed time: 69.249075 seconds (0d 0h 1m 9s)

---------------  T H R E A D  ---------------

Current thread (0x000001e779e92800):  GCTaskThread "GC Thread#2" [stack: 0x000000df3b600000,0x000000df3b700000] [id=8128]

Stack: [0x000000df3b600000,0x000000df3b700000],  sp=0x000000df3b6ff318,  free space=1020k
Native frames: (J=compiled Java code, j=interpreted, Vv=VM code, C=native code)
V  [jvm.dll+0x191a86]


siginfo: EXCEPTION_ACCESS_VIOLATION (0xc0000005), reading address 0x000000030bb30b58


Register to memory mapping:

RIP=0x00007ffd2e6b1a86 jvm.dll
RAX=0x0000000000000001 is an unknown value
RBX=0x0000000084d92c5c is pointing into object: jdk.internal.jimage.ImageLocation 
{0x0000000084d92c50} - klass: 'jdk/internal/jimage/ImageLocation'
RCX=0x00000000886cdd30 is pointing into object: [B 
{0x000000008860b030} - klass: {type array byte}
 - length: 4194320
RDX=0x00000000886cdd30 is pointing into object: [B 
{0x000000008860b030} - klass: {type array byte}
 - length: 4194320
RSP=0x000000df3b6ff318 points into unknown readable memory: 0x00007ffd2e82725c | 5c 72 82 2e fd 7f 00 00
RBP=0x0000000720000104 is an unknown value
RSI=0x000001e77c788740 points into unknown readable memory: 0x00007ffd2ed544e8 | e8 44 d5 2e fd 7f 00 00
RDI=0x000001e77c788740 points into unknown readable memory: 0x00007ffd2ed544e8 | e8 44 d5 2e fd 7f 00 00
R8 =0x00000000886cdd30 is pointing into object: [B 
{0x000000008860b030} - klass: {type array byte}
 - length: 4194320
R9 =0x000000030bb30b50 is an unknown value
R10=0x00000000886cdd30 is pointing into object: [B 
{0x000000008860b030} - klass: {type array byte}
 - length: 4194320
R11=0x000001e77c7888b0 points into unknown readable memory: 0x00007ffd2ed544a0 | a0 44 d5 2e fd 7f 00 00
R12=0x0 is NULL
R13=0x0000000000000001 is an unknown value
R14=0x000001e76d5e6190 points into unknown readable memory: 0x000001ce0000021d | 1d 02 00 00 ce 01 00 00
R15=0x00000000886cdd30 is pointing into object: [B 
{0x000000008860b030} - klass: {type array byte}
 - length: 4194320


Registers:
RAX=0x0000000000000001, RBX=0x0000000084d92c5c, RCX=0x00000000886cdd30, RDX=0x00000000886cdd30
RSP=0x000000df3b6ff318, RBP=0x0000000720000104, RSI=0x000001e77c788740, RDI=0x000001e77c788740
R8 =0x00000000886cdd30, R9 =0x000000030bb30b50, R10=0x00000000886cdd30, R11=0x000001e77c7888b0
R12=0x0000000000000000, R13=0x0000000000000001, R14=0x000001e76d5e6190, R15=0x00000000886cdd30
RIP=0x00007ffd2e6b1a86, EFLAGS=0x0000000000010206

Top of Stack: (sp=0x000000df3b6ff318)
0x000000df3b6ff318:   00007ffd2e82725c 0000000084d92b01
0x000000df3b6ff328:   0001000000000005 000001e77c788740
0x000000df3b6ff338:   0000000084d8be51 000001e76d5e6110
0x000000df3b6ff348:   000000008081efd8 0000001e7c7888b0
0x000000df3b6ff358:   000100000000000d 0000000000000001
0x000000df3b6ff368:   000001e77c788740 0000000000000040
0x000000df3b6ff378:   000001e76d5e6190 0000000000000000
0x000000df3b6ff388:   000001e77c788740 000000df3b6ff601
0x000000df3b6ff398:   00007ffd2e7f9052 000001e77c788740
0x000000df3b6ff3a8:   000001e76d635a01 00000000000000a3
0x000000df3b6ff3b8:   0000000084d92c5c 000001e76d5e6110
0x000000df3b6ff3c8:   00007ffd2e8257ab 0000000000000232
0x000000df3b6ff3d8:   0000000000000215 000000df3b6ff601
0x000000df3b6ff3e8:   00007ffd2e834576 000000008081f104
0x000000df3b6ff3f8:   000001e76d635a48 0000000000000000
0x000000df3b6ff408:   00007ffd2eb15ccf 000000df3b6ff4b0 

Instructions: (pc=0x00007ffd2e6b1a86)
0x00007ffd2e6b1986:   48 89 5c 24 20 e8 f0 00 00 00 80 7f 30 00 48 63
0x00007ffd2e6b1996:   c8 48 89 4c 24 28 0f 28 44 24 20 74 17 0f 11 86
0x00007ffd2e6b19a6:   98 03 00 00 48 8b 5c 24 40 48 8b 74 24 48 48 83
0x00007ffd2e6b19b6:   c4 30 5f c3 48 8b 07 48 8d 54 24 20 48 8b cf 66
0x00007ffd2e6b19c6:   0f 7f 44 24 20 ff 50 38 48 8b 5c 24 40 48 8b 74
0x00007ffd2e6b19d6:   24 48 48 83 c4 30 5f c3 cc cc 40 53 48 83 ec 30
0x00007ffd2e6b19e6:   0f 10 82 98 03 00 00 48 8b da 0f 10 c8 66 0f 73
0x00007ffd2e6b19f6:   d9 08 66 48 0f 7e c8 48 85 c0 74 28 48 8b 01 48
0x00007ffd2e6b1a06:   8d 54 24 20 0f 29 44 24 20 ff 50 40 33 c0 48 89
0x00007ffd2e6b1a16:   44 24 20 48 89 44 24 28 0f 10 44 24 20 0f 11 83
0x00007ffd2e6b1a26:   98 03 00 00 48 83 c4 30 5b c3 48 8b 49 38 48 8b
0x00007ffd2e6b1a36:   01 48 ff 60 28 cc cc cc cc cc 80 3d 91 a6 87 00
0x00007ffd2e6b1a46:   00 48 8b c1 74 1b 8b 51 08 8b 0d 83 13 83 00 48
0x00007ffd2e6b1a56:   d3 e2 48 8b c8 48 03 15 6e 13 83 00 e9 19 00 00
0x00007ffd2e6b1a66:   00 48 8b 51 08 48 8b c8 e9 0d 00 00 00 cc cc cc
0x00007ffd2e6b1a76:   cc cc cc cc cc cc cc cc cc cc 4c 8b ca 48 8b d1
0x00007ffd2e6b1a86:   45 8b 41 08 45 85 c0 7e 0e 41 f6 c0 01 75 59 41
0x00007ffd2e6b1a96:   c1 f8 03 41 8b c0 c3 79 4f 80 3d 32 a6 87 00 00
0x00007ffd2e6b1aa6:   b8 0c 00 00 00 b9 10 00 00 00 0f 45 c8 8b 05 ab
0x00007ffd2e6b1ab6:   5c 81 00 ff c8 4c 63 c8 48 63 c1 41 8b c8 83 e1
0x00007ffd2e6b1ac6:   3f 48 63 14 10 41 8b c0 48 c1 f8 10 0f b6 c0 48
0x00007ffd2e6b1ad6:   d3 e2 49 8d 0c 11 49 f7 d1 48 03 c1 49 c1 e9 03
0x00007ffd2e6b1ae6:   48 c1 e8 03 41 23 c1 c3 49 8b 01 49 8b c9 48 ff
0x00007ffd2e6b1af6:   a0 10 01 00 00 cc cc cc cc cc 48 83 ec 38 0f 10
0x00007ffd2e6b1b06:   02 48 8b 49 38 48 8d 54 24 20 0f 29 44 24 20 e8
0x00007ffd2e6b1b16:   66 f0 ff ff 48 83 c4 38 c3 cc 48 89 5c 24 08 55
0x00007ffd2e6b1b26:   56 57 41 54 41 55 41 56 41 57 48 8d 6c 24 e0 48
0x00007ffd2e6b1b36:   81 ec 20 01 00 00 48 8b 05 7d 99 84 00 48 33 c4
0x00007ffd2e6b1b46:   48 89 45 10 48 8b 05 ff 0f 87 00 45 33 ed 4c 8b
0x00007ffd2e6b1b56:   b5 80 00 00 00 4c 8b fa 48 8b bd 88 00 00 00 4d
0x00007ffd2e6b1b66:   8b c6 49 8b d6 49 8b f1 48 8b 48 38 48 8b 59 48
0x00007ffd2e6b1b76:   49 8b cf c7 45 c0 ff ff ff ff 44 89 6d d4 4c 89 


Stack slot to memory mapping:
stack at sp + 0 slots: 0x00007ffd2e82725c jvm.dll
stack at sp + 1 slots: 0x0000000084d92b01 is pointing into object: jdk.internal.jimage.ImageReader$Resource 
{0x0000000084d92af0} - klass: 'jdk/internal/jimage/ImageReader$Resource'
stack at sp + 2 slots: 0x0001000000000005 is an unknown value
stack at sp + 3 slots: 0x000001e77c788740 points into unknown readable memory: 0x00007ffd2ed544e8 | e8 44 d5 2e fd 7f 00 00
stack at sp + 4 slots: 0x0000000084d8be51 is pointing into object: [Ljava.lang.Object; 
{0x0000000084d8bbe0} - klass: 'java/lang/Object'[]
 - length: 163
stack at sp + 5 slots: 0x000001e76d5e6110 points into unknown readable memory: 0x0000000000000232 | 32 02 00 00 00 00 00 00
stack at sp + 6 slots: 0x000000008081efd8 is an oop: java.lang.Class 
{0x000000008081efd8} - klass: 'java/lang/Class'
stack at sp + 7 slots: 0x0000001e7c7888b0 is an unknown value


---------------  P R O C E S S  ---------------

Threads class SMR info:
_java_thread_list=0x000001e77bcc7340, length=35, elements={
0x000001e76d5cb800, 0x000001e77896e000, 0x000001e77896f800, 0x000001e77898b000,
0x000001e77898c000, 0x000001e77898d800, 0x000001e778991000, 0x000001e77899f800,
0x000001e7789a3000, 0x000001e77944e000, 0x000001e77b47d000, 0x000001e77b480000,
0x000001e77b47e800, 0x000001e77b47d800, 0x000001e77b47b800, 0x000001e77b8a1800,
0x000001e77b8a4000, 0x000001e77b8a4800, 0x000001e77b8a3000, 0x000001e77b8a0000,
0x000001e77b8a5800, 0x000001e77b8a2800, 0x000001e77b8a6800, 0x000001e77b8a0800,
0x000001e77b89e000, 0x000001e77b89f000, 0x000001e77b8ab800, 0x000001e77b8a9000,
0x000001e77b8ad000, 0x000001e77b8a9800, 0x000001e77b8aa800, 0x000001e77b8a7000,
0x000001e77b8ac000, 0x000001e77b8a8000, 0x000001e77e939000
}

Java Threads: ( => current thread )
  0x000001e76d5cb800 JavaThread "main" [_thread_blocked, id=6928, stack(0x000000df3a300000,0x000000df3a400000)]
  0x000001e77896e000 JavaThread "Reference Handler" daemon [_thread_blocked, id=7656, stack(0x000000df3aa00000,0x000000df3ab00000)]
  0x000001e77896f800 JavaThread "Finalizer" daemon [_thread_blocked, id=1164, stack(0x000000df3ab00000,0x000000df3ac00000)]
  0x000001e77898b000 JavaThread "Signal Dispatcher" daemon [_thread_blocked, id=10128, stack(0x000000df3ac00000,0x000000df3ad00000)]
  0x000001e77898c000 JavaThread "Attach Listener" daemon [_thread_blocked, id=5860, stack(0x000000df3ad00000,0x000000df3ae00000)]
  0x000001e77898d800 JavaThread "Service Thread" daemon [_thread_blocked, id=7948, stack(0x000000df3ae00000,0x000000df3af00000)]
  0x000001e778991000 JavaThread "C2 CompilerThread0" daemon [_thread_blocked, id=10032, stack(0x000000df3af00000,0x000000df3b000000)]
  0x000001e77899f800 JavaThread "C1 CompilerThread0" daemon [_thread_blocked, id=9516, stack(0x000000df3b000000,0x000000df3b100000)]
  0x000001e7789a3000 JavaThread "Sweeper thread" daemon [_thread_blocked, id=1668, stack(0x000000df3b100000,0x000000df3b200000)]
  0x000001e77944e000 JavaThread "Common-Cleaner" daemon [_thread_blocked, id=1344, stack(0x000000df3b200000,0x000000df3b300000)]
  0x000001e77b47d000 JavaThread "Daemon health stats" [_thread_blocked, id=5980, stack(0x000000df3b700000,0x000000df3b800000)]
  0x000001e77b480000 JavaThread "Incoming local TCP Connector on port 60919" [_thread_in_native, id=6548, stack(0x000000df3b400000,0x000000df3b500000)]
  0x000001e77b47e800 JavaThread "Daemon periodic checks" [_thread_blocked, id=9264, stack(0x000000df3b900000,0x000000df3ba00000)]
  0x000001e77b47d800 JavaThread "Daemon" [_thread_blocked, id=10572, stack(0x000000df3ba00000,0x000000df3bb00000)]
  0x000001e77b47b800 JavaThread "Daemon worker" [_thread_blocked, id=6776, stack(0x000000df3bd00000,0x000000df3be00000)]
  0x000001e77b8a1800 JavaThread "Cache worker for journal cache (C:\Users\Mahadev\.gradle\caches\journal-1)" [_thread_blocked, id=6788, stack(0x000000df3c200000,0x000000df3c300000)]
  0x000001e77b8a4000 JavaThread "File lock request listener" [_thread_in_native, id=6476, stack(0x000000df3c300000,0x000000df3c400000)]
  0x000001e77b8a4800 JavaThread "Cache worker for file hash cache (C:\Users\Mahadev\.gradle\caches\7.3.3\fileHashes)" [_thread_blocked, id=5696, stack(0x000000df3c400000,0x000000df3c500000)]
  0x000001e77b8a3000 JavaThread "File watcher server" daemon [_thread_in_native, id=8936, stack(0x000000df3c600000,0x000000df3c700000)]
  0x000001e77b8a0000 JavaThread "File watcher consumer" daemon [_thread_blocked, id=11220, stack(0x000000df3c700000,0x000000df3c800000)]
  0x000001e77b8a5800 JavaThread "jar transforms" [_thread_blocked, id=6244, stack(0x000000df3c800000,0x000000df3c900000)]
  0x000001e77b8a2800 JavaThread "jar transforms Thread 2" [_thread_blocked, id=7348, stack(0x000000df3c900000,0x000000df3ca00000)]
  0x000001e77b8a6800 JavaThread "jar transforms Thread 3" [_thread_blocked, id=8648, stack(0x000000df3ca00000,0x000000df3cb00000)]
  0x000001e77b8a0800 JavaThread "jar transforms Thread 4" [_thread_blocked, id=10864, stack(0x000000df3cb00000,0x000000df3cc00000)]
  0x000001e77b89e000 JavaThread "Handler for socket connection from /127.0.0.1:60919 to /127.0.0.1:60927" [_thread_in_native, id=9932, stack(0x000000df3a000000,0x000000df3a100000)]
  0x000001e77b89f000 JavaThread "Cancel handler" [_thread_blocked, id=644, stack(0x000000df3a100000,0x000000df3a200000)]
  0x000001e77b8ab800 JavaThread "Asynchronous log dispatcher for DefaultDaemonConnection: socket connection from /127.0.0.1:60919 to /127.0.0.1:60927" [_thread_blocked, id=2232, stack(0x000000df3a200000,0x000000df3a300000)]
  0x000001e77b8a9000 JavaThread "Stdin handler" [_thread_blocked, id=7468, stack(0x000000df3be00000,0x000000df3bf00000)]
  0x000001e77b8ad000 JavaThread "Daemon client event forwarder" [_thread_blocked, id=7260, stack(0x000000df3bf00000,0x000000df3c000000)]
  0x000001e77b8a9800 JavaThread "Cache worker for file hash cache (C:\Users\Mahadev\AndroidStudioProjects\demoapp4\.gradle\7.3.3\fileHashes)" [_thread_blocked, id=1840, stack(0x000000df3c000000,0x000000df3c100000)]
  0x000001e77b8aa800 JavaThread "Cache worker for checksums cache (C:\Users\Mahadev\AndroidStudioProjects\demoapp4\.gradle\7.3.3\checksums)" [_thread_blocked, id=32, stack(0x000000df3c100000,0x000000df3c200000)]
  0x000001e77b8a7000 JavaThread "Cache worker for cache directory md-supplier (C:\Users\Mahadev\.gradle\caches\7.3.3\md-supplier)" [_thread_blocked, id=10848, stack(0x000000df3c500000,0x000000df3c600000)]
  0x000001e77b8ac000 JavaThread "Cache worker for cache directory md-rule (C:\Users\Mahadev\.gradle\caches\7.3.3\md-rule)" [_thread_blocked, id=3516, stack(0x000000df3cc00000,0x000000df3cd00000)]
  0x000001e77b8a8000 JavaThread "Cache worker for execution history cache (C:\Users\Mahadev\.gradle\caches\7.3.3\executionHistory)" [_thread_blocked, id=3900, stack(0x000000df3cd00000,0x000000df3ce00000)]
  0x000001e77e939000 JavaThread "C2 CompilerThread1" daemon [_thread_blocked, id=4176, stack(0x000000df3ce00000,0x000000df3cf00000)]

Other Threads:
  0x000001e77896b000 VMThread "VM Thread" [stack: 0x000000df3a900000,0x000000df3aa00000] [id=552]
  0x000001e77947b000 WatcherThread [stack: 0x000000df3b300000,0x000000df3b400000] [id=7956]
  0x000001e76d5e5000 GCTaskThread "GC Thread#0" [stack: 0x000000df3a400000,0x000000df3a500000] [id=6044]
  0x000001e779c0e000 GCTaskThread "GC Thread#1" [stack: 0x000000df3b500000,0x000000df3b600000] [id=1100]
=>0x000001e779e92800 GCTaskThread "GC Thread#2" [stack: 0x000000df3b600000,0x000000df3b700000] [id=8128]
  0x000001e77a4f6000 GCTaskThread "GC Thread#3" [stack: 0x000000df3b800000,0x000000df3b900000] [id=6508]
  0x000001e76d617000 ConcurrentGCThread "G1 Main Marker" [stack: 0x000000df3a500000,0x000000df3a600000] [id=5492]
  0x000001e76d619000 ConcurrentGCThread "G1 Conc#0" [stack: 0x000000df3a600000,0x000000df3a700000] [id=3672]
  0x000001e76d6ac000 ConcurrentGCThread "G1 Refine#0" [stack: 0x000000df3a700000,0x000000df3a800000] [id=10800]
  0x000001e76d6ad000 ConcurrentGCThread "G1 Young RemSet Sampling" [stack: 0x000000df3a800000,0x000000df3a900000] [id=2212]

Threads with active compile tasks:
C2 CompilerThread0  69323 3782       4       java.util.StringJoiner::toString (181 bytes)
C2 CompilerThread1  69323 3796       4       java.lang.String::split (324 bytes)

VM state:at safepoint (normal execution)

VM Mutex/Monitor currently owned by a thread:  ([mutex/lock_event])
[0x000001e76d5c7550] Threads_lock - owner thread: 0x000001e77896b000
[0x000001e76d5c7d30] Heap_lock - owner thread: 0x000001e77b47b800

Heap address: 0x0000000080000000, size: 2048 MB, Compressed Oops mode: 32-bit
Narrow klass base: 0x0000000000000000, Narrow klass shift: 3
Compressed class space size: 1073741824 Address: 0x0000000100000000

Heap:
 garbage-first heap   total 157696K, used 111711K [0x0000000080000000, 0x0000000100000000)
  region size 1024K, 77 young (78848K), 3 survivors (3072K)
 Metaspace       used 40266K, capacity 41418K, committed 41472K, reserved 1085440K
  class space    used 5216K, capacity 5608K, committed 5632K, reserved 1048576K
Heap Regions: E=young(eden), S=young(survivor), O=old, HS=humongous(starts), HC=humongous(continues), CS=collection set, F=free, A=archive, TAMS=top-at-mark-start (previous, next)
|   0|0x0000000080000000, 0x0000000080100000, 0x0000000080100000|100%| O|  |TAMS 0x0000000080100000, 0x0000000080000000| Untracked 
|   1|0x0000000080100000, 0x0000000080200000, 0x0000000080200000|100%| O|  |TAMS 0x0000000080200000, 0x0000000080100000| Untracked 
|   2|0x0000000080200000, 0x0000000080300000, 0x0000000080300000|100%| O|  |TAMS 0x0000000080300000, 0x0000000080200000| Untracked 
|   3|0x0000000080300000, 0x0000000080400000, 0x0000000080400000|100%|HS|  |TAMS 0x0000000080400000, 0x0000000080300000| Complete 
|   4|0x0000000080400000, 0x0000000080500000, 0x0000000080500000|100%|HC|  |TAMS 0x0000000080500000, 0x0000000080400000| Complete 
|   5|0x0000000080500000, 0x0000000080600000, 0x0000000080600000|100%|HC|  |TAMS 0x0000000080600000, 0x0000000080500000| Complete 
|   6|0x0000000080600000, 0x0000000080700000, 0x0000000080700000|100%| O|  |TAMS 0x0000000080700000, 0x0000000080600000| Untracked 
|   7|0x0000000080700000, 0x0000000080800000, 0x0000000080800000|100%| O|  |TAMS 0x0000000080800000, 0x0000000080700000| Untracked 
|   8|0x0000000080800000, 0x0000000080900000, 0x0000000080900000|100%| O|  |TAMS 0x0000000080900000, 0x0000000080800000| Untracked 
|   9|0x0000000080900000, 0x0000000080a00000, 0x0000000080a00000|100%| O|  |TAMS 0x0000000080a00000, 0x0000000080900000| Untracked 
|  10|0x0000000080a00000, 0x0000000080b00000, 0x0000000080b00000|100%| O|  |TAMS 0x0000000080b00000, 0x0000000080a00000| Untracked 
|  11|0x0000000080b00000, 0x0000000080c00000, 0x0000000080c00000|100%| O|  |TAMS 0x0000000080c00000, 0x0000000080b00000| Untracked 
|  12|0x0000000080c00000, 0x0000000080d00000, 0x0000000080d00000|100%| O|  |TAMS 0x0000000080d00000, 0x0000000080c00000| Untracked 
|  13|0x0000000080d00000, 0x0000000080e00000, 0x0000000080e00000|100%| O|  |TAMS 0x0000000080e00000, 0x0000000080d00000| Untracked 
|  14|0x0000000080e00000, 0x0000000080f00000, 0x0000000080f00000|100%| O|  |TAMS 0x0000000080ec4000, 0x0000000080e00000| Untracked 
|  15|0x0000000080f00000, 0x0000000081000000, 0x0000000081000000|100%|HS|  |TAMS 0x0000000081000000, 0x0000000080f00000| Complete 
|  16|0x0000000081000000, 0x0000000081100000, 0x0000000081100000|100%|HC|  |TAMS 0x0000000081100000, 0x0000000081000000| Complete 
|  17|0x0000000081100000, 0x0000000081200000, 0x0000000081200000|100%|HS|  |TAMS 0x0000000081200000, 0x0000000081100000| Complete 
|  18|0x0000000081200000, 0x0000000081300000, 0x0000000081300000|100%|HC|  |TAMS 0x0000000081300000, 0x0000000081200000| Complete 
|  19|0x0000000081300000, 0x0000000081400000, 0x0000000081400000|100%|HC|  |TAMS 0x0000000081400000, 0x0000000081300000| Complete 
|  20|0x0000000081400000, 0x0000000081500000, 0x0000000081500000|100%|HS|  |TAMS 0x0000000081500000, 0x0000000081400000| Complete 
|  21|0x0000000081500000, 0x0000000081600000, 0x0000000081600000|100%|HS|  |TAMS 0x0000000081600000, 0x0000000081500000| Complete 
|  22|0x0000000081600000, 0x0000000081700000, 0x0000000081700000|100%|HC|  |TAMS 0x0000000081700000, 0x0000000081600000| Complete 
|  23|0x0000000081700000, 0x0000000081800000, 0x0000000081800000|100%|HC|  |TAMS 0x0000000081800000, 0x0000000081700000| Complete 
|  24|0x0000000081800000, 0x0000000081900000, 0x0000000081900000|100%|HC|  |TAMS 0x0000000081900000, 0x0000000081800000| Complete 
|  25|0x0000000081900000, 0x0000000081a00000, 0x0000000081a00000|100%| O|  |TAMS 0x0000000081900000, 0x0000000081900000| Untracked 
|  26|0x0000000081a00000, 0x0000000081b00000, 0x0000000081b00000|100%| O|  |TAMS 0x0000000081a00000, 0x0000000081a00000| Untracked 
|  27|0x0000000081b00000, 0x0000000081c00000, 0x0000000081c00000|100%| O|  |TAMS 0x0000000081b00000, 0x0000000081b00000| Untracked 
|  28|0x0000000081c00000, 0x0000000081d00000, 0x0000000081d00000|100%| O|  |TAMS 0x0000000081c00000, 0x0000000081c00000| Untracked 
|  29|0x0000000081d00000, 0x0000000081e00000, 0x0000000081e00000|100%| O|  |TAMS 0x0000000081d00000, 0x0000000081d00000| Untracked 
|  30|0x0000000081e00000, 0x0000000081f00000, 0x0000000081f00000|100%| O|  |TAMS 0x0000000081e00000, 0x0000000081e00000| Untracked 
|  31|0x0000000081f00000, 0x0000000082000000, 0x0000000082000000|100%| O|  |TAMS 0x0000000081f00000, 0x0000000081f00000| Untracked 
|  32|0x0000000082000000, 0x0000000082100000, 0x0000000082100000|100%| O|  |TAMS 0x0000000082000000, 0x0000000082000000| Untracked 
|  33|0x0000000082100000, 0x0000000082200000, 0x0000000082200000|100%| O|  |TAMS 0x0000000082100000, 0x0000000082100000| Untracked 
|  34|0x0000000082200000, 0x000000008226bfb0, 0x0000000082300000| 42%| O|  |TAMS 0x0000000082200000, 0x0000000082200000| Untracked 
|  35|0x0000000082300000, 0x0000000082300000, 0x0000000082400000|  0%| F|  |TAMS 0x0000000082300000, 0x0000000082300000| Untracked 
|  36|0x0000000082400000, 0x0000000082400000, 0x0000000082500000|  0%| F|  |TAMS 0x0000000082400000, 0x0000000082400000| Untracked 
|  37|0x0000000082500000, 0x0000000082500000, 0x0000000082600000|  0%| F|  |TAMS 0x0000000082500000, 0x0000000082500000| Untracked 
|  38|0x0000000082600000, 0x0000000082600000, 0x0000000082700000|  0%| F|  |TAMS 0x0000000082600000, 0x0000000082600000| Untracked 
|  39|0x0000000082700000, 0x0000000082700000, 0x0000000082800000|  0%| F|  |TAMS 0x0000000082700000, 0x0000000082700000| Untracked 
|  40|0x0000000082800000, 0x0000000082800000, 0x0000000082900000|  0%| F|  |TAMS 0x0000000082800000, 0x0000000082800000| Untracked 
|  41|0x0000000082900000, 0x0000000082900000, 0x0000000082a00000|  0%| F|  |TAMS 0x0000000082900000, 0x0000000082900000| Untracked 
|  42|0x0000000082a00000, 0x0000000082a00000, 0x0000000082b00000|  0%| F|  |TAMS 0x0000000082a00000, 0x0000000082a00000| Untracked 
|  43|0x0000000082b00000, 0x0000000082b00000, 0x0000000082c00000|  0%| F|  |TAMS 0x0000000082b00000, 0x0000000082b00000| Untracked 
|  44|0x0000000082c00000, 0x0000000082c00000, 0x0000000082d00000|  0%| F|  |TAMS 0x0000000082c00000, 0x0000000082c00000| Untracked 
|  45|0x0000000082d00000, 0x0000000082d00000, 0x0000000082e00000|  0%| F|  |TAMS 0x0000000082d00000, 0x0000000082d00000| Untracked 
|  46|0x0000000082e00000, 0x0000000082e00000, 0x0000000082f00000|  0%| F|  |TAMS 0x0000000082e00000, 0x0000000082e00000| Untracked 
|  47|0x0000000082f00000, 0x0000000082f00000, 0x0000000083000000|  0%| F|  |TAMS 0x0000000082f00000, 0x0000000082f00000| Untracked 
|  48|0x0000000083000000, 0x0000000083000000, 0x0000000083100000|  0%| F|  |TAMS 0x0000000083000000, 0x0000000083000000| Untracked 
|  49|0x0000000083100000, 0x0000000083100000, 0x0000000083200000|  0%| F|  |TAMS 0x0000000083100000, 0x0000000083100000| Untracked 
|  50|0x0000000083200000, 0x0000000083200000, 0x0000000083300000|  0%| F|  |TAMS 0x0000000083200000, 0x0000000083200000| Untracked 
|  51|0x0000000083300000, 0x0000000083300000, 0x0000000083400000|  0%| F|  |TAMS 0x0000000083300000, 0x0000000083300000| Untracked 
|  52|0x0000000083400000, 0x0000000083400000, 0x0000000083500000|  0%| F|  |TAMS 0x0000000083400000, 0x0000000083400000| Untracked 
|  53|0x0000000083500000, 0x0000000083500000, 0x0000000083600000|  0%| F|  |TAMS 0x0000000083500000, 0x0000000083500000| Untracked 
|  54|0x0000000083600000, 0x0000000083600000, 0x0000000083700000|  0%| F|  |TAMS 0x0000000083600000, 0x0000000083600000| Untracked 
|  55|0x0000000083700000, 0x0000000083700000, 0x0000000083800000|  0%| F|  |TAMS 0x0000000083700000, 0x0000000083700000| Untracked 
|  56|0x0000000083800000, 0x0000000083853ee0, 0x0000000083900000| 32%| E|CS|TAMS 0x0000000083800000, 0x0000000083800000| Complete 
|  57|0x0000000083900000, 0x0000000083a00000, 0x0000000083a00000|100%| E|CS|TAMS 0x0000000083900000, 0x0000000083900000| Complete 
|  58|0x0000000083a00000, 0x0000000083b00000, 0x0000000083b00000|100%| E|CS|TAMS 0x0000000083a00000, 0x0000000083a00000| Complete 
|  59|0x0000000083b00000, 0x0000000083c00000, 0x0000000083c00000|100%| E|CS|TAMS 0x0000000083b00000, 0x0000000083b00000| Complete 
|  60|0x0000000083c00000, 0x0000000083d00000, 0x0000000083d00000|100%| E|CS|TAMS 0x0000000083c00000, 0x0000000083c00000| Complete 
|  61|0x0000000083d00000, 0x0000000083e00000, 0x0000000083e00000|100%| E|CS|TAMS 0x0000000083d00000, 0x0000000083d00000| Complete 
|  62|0x0000000083e00000, 0x0000000083f00000, 0x0000000083f00000|100%| E|CS|TAMS 0x0000000083e00000, 0x0000000083e00000| Complete 
|  63|0x0000000083f00000, 0x0000000084000000, 0x0000000084000000|100%| E|CS|TAMS 0x0000000083f00000, 0x0000000083f00000| Complete 
|  64|0x0000000084000000, 0x0000000084100000, 0x0000000084100000|100%| E|CS|TAMS 0x0000000084000000, 0x0000000084000000| Complete 
|  65|0x0000000084100000, 0x0000000084200000, 0x0000000084200000|100%| E|CS|TAMS 0x0000000084100000, 0x0000000084100000| Complete 
|  66|0x0000000084200000, 0x0000000084300000, 0x0000000084300000|100%| E|CS|TAMS 0x0000000084200000, 0x0000000084200000| Complete 
|  67|0x0000000084300000, 0x0000000084300000, 0x0000000084400000|  0%| F|  |TAMS 0x0000000084300000, 0x0000000084300000| Untracked 
|  68|0x0000000084400000, 0x0000000084400000, 0x0000000084500000|  0%| F|  |TAMS 0x0000000084400000, 0x0000000084400000| Untracked 
|  69|0x0000000084500000, 0x0000000084500000, 0x0000000084600000|  0%| F|  |TAMS 0x0000000084500000, 0x0000000084500000| Untracked 
|  70|0x0000000084600000, 0x0000000084600000, 0x0000000084700000|  0%| F|  |TAMS 0x0000000084600000, 0x0000000084600000| Untracked 
|  71|0x0000000084700000, 0x0000000084700000, 0x0000000084800000|  0%| F|  |TAMS 0x0000000084700000, 0x0000000084700000| Untracked 
|  72|0x0000000084800000, 0x0000000084800000, 0x0000000084900000|  0%| F|  |TAMS 0x0000000084800000, 0x0000000084800000| Untracked 
|  73|0x0000000084900000, 0x0000000084900000, 0x0000000084a00000|  0%| F|  |TAMS 0x0000000084900000, 0x0000000084900000| Untracked 
|  74|0x0000000084a00000, 0x0000000084a00000, 0x0000000084b00000|  0%| F|  |TAMS 0x0000000084a00000, 0x0000000084a00000| Untracked 
|  75|0x0000000084b00000, 0x0000000084b00000, 0x0000000084c00000|  0%| F|  |TAMS 0x0000000084b00000, 0x0000000084b00000| Untracked 
|  76|0x0000000084c00000, 0x0000000084c00000, 0x0000000084d00000|  0%| F|  |TAMS 0x0000000084c00000, 0x0000000084c00000| Untracked 
|  77|0x0000000084d00000, 0x0000000084de7ea0, 0x0000000084e00000| 90%| S|  |TAMS 0x0000000084d00000, 0x0000000084d00000| Complete 
|  78|0x0000000084e00000, 0x0000000084f00000, 0x0000000084f00000|100%| S|  |TAMS 0x0000000084e00000, 0x0000000084e00000| Complete 
|  79|0x0000000084f00000, 0x0000000085000000, 0x0000000085000000|100%| S|  |TAMS 0x0000000084f00000, 0x0000000084f00000| Complete 
|  80|0x0000000085000000, 0x0000000085100000, 0x0000000085100000|100%| E|CS|TAMS 0x0000000085000000, 0x0000000085000000| Complete 
|  81|0x0000000085100000, 0x0000000085200000, 0x0000000085200000|100%| E|CS|TAMS 0x0000000085100000, 0x0000000085100000| Complete 
|  82|0x0000000085200000, 0x0000000085300000, 0x0000000085300000|100%| E|CS|TAMS 0x0000000085200000, 0x0000000085200000| Complete 
|  83|0x0000000085300000, 0x0000000085400000, 0x0000000085400000|100%| E|CS|TAMS 0x0000000085300000, 0x0000000085300000| Complete 
|  84|0x0000000085400000, 0x0000000085500000, 0x0000000085500000|100%| E|CS|TAMS 0x0000000085400000, 0x0000000085400000| Complete 
|  85|0x0000000085500000, 0x0000000085600000, 0x0000000085600000|100%| E|CS|TAMS 0x0000000085500000, 0x0000000085500000| Complete 
|  86|0x0000000085600000, 0x0000000085700000, 0x0000000085700000|100%| E|CS|TAMS 0x0000000085600000, 0x0000000085600000| Complete 
|  87|0x0000000085700000, 0x0000000085800000, 0x0000000085800000|100%| E|CS|TAMS 0x0000000085700000, 0x0000000085700000| Complete 
|  88|0x0000000085800000, 0x0000000085900000, 0x0000000085900000|100%| E|CS|TAMS 0x0000000085800000, 0x0000000085800000| Complete 
|  89|0x0000000085900000, 0x0000000085a00000, 0x0000000085a00000|100%| E|CS|TAMS 0x0000000085900000, 0x0000000085900000| Complete 
|  90|0x0000000085a00000, 0x0000000085b00000, 0x0000000085b00000|100%| E|CS|TAMS 0x0000000085a00000, 0x0000000085a00000| Complete 
|  91|0x0000000085b00000, 0x0000000085c00000, 0x0000000085c00000|100%| E|CS|TAMS 0x0000000085b00000, 0x0000000085b00000| Complete 
|  92|0x0000000085c00000, 0x0000000085d00000, 0x0000000085d00000|100%| E|CS|TAMS 0x0000000085c00000, 0x0000000085c00000| Complete 
|  93|0x0000000085d00000, 0x0000000085e00000, 0x0000000085e00000|100%| E|CS|TAMS 0x0000000085d00000, 0x0000000085d00000| Complete 
|  94|0x0000000085e00000, 0x0000000085f00000, 0x0000000085f00000|100%| E|CS|TAMS 0x0000000085e00000, 0x0000000085e00000| Complete 
|  95|0x0000000085f00000, 0x0000000086000000, 0x0000000086000000|100%| E|CS|TAMS 0x0000000085f00000, 0x0000000085f00000| Complete 
|  96|0x0000000086000000, 0x0000000086100000, 0x0000000086100000|100%| E|CS|TAMS 0x0000000086000000, 0x0000000086000000| Complete 
|  97|0x0000000086100000, 0x0000000086200000, 0x0000000086200000|100%| E|CS|TAMS 0x0000000086100000, 0x0000000086100000| Complete 
|  98|0x0000000086200000, 0x0000000086300000, 0x0000000086300000|100%| E|CS|TAMS 0x0000000086200000, 0x0000000086200000| Complete 
|  99|0x0000000086300000, 0x0000000086400000, 0x0000000086400000|100%| E|CS|TAMS 0x0000000086300000, 0x0000000086300000| Complete 
| 100|0x0000000086400000, 0x0000000086500000, 0x0000000086500000|100%| E|CS|TAMS 0x0000000086400000, 0x0000000086400000| Complete 
| 101|0x0000000086500000, 0x0000000086600000, 0x0000000086600000|100%| E|CS|TAMS 0x0000000086500000, 0x0000000086500000| Complete 
| 102|0x0000000086600000, 0x0000000086700000, 0x0000000086700000|100%| E|CS|TAMS 0x0000000086600000, 0x0000000086600000| Complete 
| 103|0x0000000086700000, 0x0000000086800000, 0x0000000086800000|100%| E|CS|TAMS 0x0000000086700000, 0x0000000086700000| Complete 
| 104|0x0000000086800000, 0x0000000086900000, 0x0000000086900000|100%| E|CS|TAMS 0x0000000086800000, 0x0000000086800000| Complete 
| 105|0x0000000086900000, 0x0000000086a00000, 0x0000000086a00000|100%| E|CS|TAMS 0x0000000086900000, 0x0000000086900000| Complete 
| 106|0x0000000086a00000, 0x0000000086b00000, 0x0000000086b00000|100%| E|CS|TAMS 0x0000000086a00000, 0x0000000086a00000| Complete 
| 107|0x0000000086b00000, 0x0000000086c00000, 0x0000000086c00000|100%| E|CS|TAMS 0x0000000086b00000, 0x0000000086b00000| Complete 
| 108|0x0000000086c00000, 0x0000000086d00000, 0x0000000086d00000|100%| E|CS|TAMS 0x0000000086c00000, 0x0000000086c00000| Complete 
| 109|0x0000000086d00000, 0x0000000086e00000, 0x0000000086e00000|100%| E|CS|TAMS 0x0000000086d00000, 0x0000000086d00000| Complete 
| 110|0x0000000086e00000, 0x0000000086f00000, 0x0000000086f00000|100%| E|CS|TAMS 0x0000000086e00000, 0x0000000086e00000| Complete 
| 111|0x0000000086f00000, 0x0000000087000000, 0x0000000087000000|100%| E|CS|TAMS 0x0000000086f00000, 0x0000000086f00000| Complete 
| 112|0x0000000087000000, 0x0000000087100000, 0x0000000087100000|100%| E|CS|TAMS 0x0000000087000000, 0x0000000087000000| Complete 
| 113|0x0000000087100000, 0x0000000087200000, 0x0000000087200000|100%| E|CS|TAMS 0x0000000087100000, 0x0000000087100000| Complete 
| 114|0x0000000087200000, 0x0000000087300000, 0x0000000087300000|100%| E|CS|TAMS 0x0000000087200000, 0x0000000087200000| Complete 
| 115|0x0000000087300000, 0x0000000087400000, 0x0000000087400000|100%| E|CS|TAMS 0x0000000087300000, 0x0000000087300000| Complete 
| 116|0x0000000087400000, 0x0000000087500000, 0x0000000087500000|100%| E|CS|TAMS 0x0000000087400000, 0x0000000087400000| Complete 
| 117|0x0000000087500000, 0x0000000087600000, 0x0000000087600000|100%| E|CS|TAMS 0x0000000087500000, 0x0000000087500000| Complete 
| 118|0x0000000087600000, 0x0000000087700000, 0x0000000087700000|100%| E|CS|TAMS 0x0000000087600000, 0x0000000087600000| Complete 
| 119|0x0000000087700000, 0x0000000087800000, 0x0000000087800000|100%| E|CS|TAMS 0x0000000087700000, 0x0000000087700000| Complete 
| 120|0x0000000087800000, 0x0000000087900000, 0x0000000087900000|100%| E|CS|TAMS 0x0000000087800000, 0x0000000087800000| Complete 
| 121|0x0000000087900000, 0x0000000087a00000, 0x0000000087a00000|100%| E|CS|TAMS 0x0000000087900000, 0x0000000087900000| Complete 
| 122|0x0000000087a00000, 0x0000000087b00000, 0x0000000087b00000|100%| E|CS|TAMS 0x0000000087a00000, 0x0000000087a00000| Complete 
| 123|0x0000000087b00000, 0x0000000087c00000, 0x0000000087c00000|100%| E|CS|TAMS 0x0000000087b00000, 0x0000000087b00000| Complete 
| 124|0x0000000087c00000, 0x0000000087d00000, 0x0000000087d00000|100%| E|CS|TAMS 0x0000000087c00000, 0x0000000087c00000| Complete 
| 125|0x0000000087d00000, 0x0000000087e00000, 0x0000000087e00000|100%| E|CS|TAMS 0x0000000087d00000, 0x0000000087d00000| Complete 
| 126|0x0000000087e00000, 0x0000000087f00000, 0x0000000087f00000|100%| E|CS|TAMS 0x0000000087e00000, 0x0000000087e00000| Complete 
| 127|0x0000000087f00000, 0x0000000088000000, 0x0000000088000000|100%| E|CS|TAMS 0x0000000087f00000, 0x0000000087f00000| Complete 
| 128|0x0000000088000000, 0x0000000088100000, 0x0000000088100000|100%| E|CS|TAMS 0x0000000088000000, 0x0000000088000000| Complete 
| 129|0x0000000088100000, 0x0000000088200000, 0x0000000088200000|100%| E|CS|TAMS 0x0000000088100000, 0x0000000088100000| Complete 
| 130|0x0000000088200000, 0x0000000088300000, 0x0000000088300000|100%| E|CS|TAMS 0x0000000088200000, 0x0000000088200000| Complete 
| 131|0x0000000088300000, 0x0000000088400000, 0x0000000088400000|100%| E|CS|TAMS 0x0000000088300000, 0x0000000088300000| Complete 
| 132|0x0000000088400000, 0x0000000088500000, 0x0000000088500000|100%| E|CS|TAMS 0x0000000088400000, 0x0000000088400000| Complete 
| 133|0x0000000088500000, 0x0000000088600000, 0x0000000088600000|100%| E|CS|TAMS 0x0000000088500000, 0x0000000088500000| Complete 
| 134|0x0000000088600000, 0x0000000088700000, 0x0000000088700000|100%| E|CS|TAMS 0x0000000088600000, 0x0000000088600000| Complete 
| 135|0x0000000088700000, 0x0000000088800000, 0x0000000088800000|100%| E|CS|TAMS 0x0000000088700000, 0x0000000088700000| Complete 
| 136|0x0000000088800000, 0x0000000088900000, 0x0000000088900000|100%| E|CS|TAMS 0x0000000088800000, 0x0000000088800000| Complete 
| 137|0x0000000088900000, 0x0000000088a00000, 0x0000000088a00000|100%| E|CS|TAMS 0x0000000088900000, 0x0000000088900000| Complete 
| 138|0x0000000088a00000, 0x0000000088b00000, 0x0000000088b00000|100%| E|CS|TAMS 0x0000000088a00000, 0x0000000088a00000| Complete 
| 139|0x0000000088b00000, 0x0000000088c00000, 0x0000000088c00000|100%| E|CS|TAMS 0x0000000088b00000, 0x0000000088b00000| Complete 
| 140|0x0000000088c00000, 0x0000000088d00000, 0x0000000088d00000|100%| E|CS|TAMS 0x0000000088c00000, 0x0000000088c00000| Complete 
| 141|0x0000000088d00000, 0x0000000088e00000, 0x0000000088e00000|100%| E|CS|TAMS 0x0000000088d00000, 0x0000000088d00000| Complete 
| 142|0x0000000088e00000, 0x0000000088f00000, 0x0000000088f00000|100%| E|CS|TAMS 0x0000000088e00000, 0x0000000088e00000| Complete 
| 143|0x0000000088f00000, 0x0000000089000000, 0x0000000089000000|100%| E|CS|TAMS 0x0000000088f00000, 0x0000000088f00000| Complete 
| 144|0x0000000089000000, 0x0000000089100000, 0x0000000089100000|100%| E|CS|TAMS 0x0000000089000000, 0x0000000089000000| Complete 
| 145|0x0000000089100000, 0x0000000089200000, 0x0000000089200000|100%| E|CS|TAMS 0x0000000089100000, 0x0000000089100000| Complete 
| 146|0x0000000089200000, 0x0000000089300000, 0x0000000089300000|100%| E|CS|TAMS 0x0000000089200000, 0x0000000089200000| Complete 
| 147|0x0000000089300000, 0x0000000089400000, 0x0000000089400000|100%| E|CS|TAMS 0x0000000089300000, 0x0000000089300000| Complete 
| 148|0x0000000089400000, 0x0000000089500000, 0x0000000089500000|100%| E|CS|TAMS 0x0000000089400000, 0x0000000089400000| Complete 
| 149|0x0000000089500000, 0x0000000089600000, 0x0000000089600000|100%| E|CS|TAMS 0x0000000089500000, 0x0000000089500000| Complete 
| 150|0x0000000089600000, 0x0000000089700000, 0x0000000089700000|100%| E|CS|TAMS 0x0000000089600000, 0x0000000089600000| Complete 
| 151|0x0000000089700000, 0x0000000089800000, 0x0000000089800000|100%| E|CS|TAMS 0x0000000089700000, 0x0000000089700000| Complete 
| 152|0x0000000089800000, 0x0000000089900000, 0x0000000089900000|100%| E|CS|TAMS 0x0000000089800000, 0x0000000089800000| Complete 
| 153|0x0000000089900000, 0x0000000089a00000, 0x0000000089a00000|100%| E|CS|TAMS 0x0000000089900000, 0x0000000089900000| Complete 

Card table byte_map: [0x000001e771b30000,0x000001e771f30000] _byte_map_base: 0x000001e771730000

Marking Bits (Prev, Next): (CMBitMap*) 0x000001e76d60e0b8, (CMBitMap*) 0x000001e76d60e0f0
 Prev Bits: [0x000001e772330000, 0x000001e774330000)
 Next Bits: [0x000001e774330000, 0x000001e776330000)

Polling page: 0x000001e76d6b0000

Metaspace:

Usage:
  Non-class:     34.97 MB capacity,    34.23 MB ( 98%) used,   658.25 KB (  2%) free+waste,   102.31 KB ( <1%) overhead. 
      Class:      5.48 MB capacity,     5.09 MB ( 93%) used,   341.45 KB (  6%) free+waste,    49.63 KB ( <1%) overhead. 
       Both:     40.45 MB capacity,    39.32 MB ( 97%) used,   999.70 KB (  2%) free+waste,   151.94 KB ( <1%) overhead. 

Virtual space:
  Non-class space:       36.00 MB reserved,      35.00 MB ( 97%) committed 
      Class space:        1.00 GB reserved,       5.50 MB ( <1%) committed 
             Both:        1.04 GB reserved,      40.50 MB (  4%) committed 

Chunk freelists:
   Non-Class:  30.00 KB
       Class:  0 bytes
        Both:  30.00 KB

MaxMetaspaceSize: 17179869184.00 GB
CompressedClassSpaceSize: 1.00 GB
Initial GC threshold: 20.80 MB
Current GC threshold: 58.75 MB
CDS: off

CodeHeap 'non-profiled nmethods': size=120064Kb used=2191Kb max_used=2191Kb free=117872Kb
 bounds [0x000001e707ac0000, 0x000001e707d30000, 0x000001e70f000000]
CodeHeap 'profiled nmethods': size=120000Kb used=7959Kb max_used=7959Kb free=112040Kb
 bounds [0x000001e700590000, 0x000001e700d60000, 0x000001e707ac0000]
CodeHeap 'non-nmethods': size=5696Kb used=1590Kb max_used=1637Kb free=4105Kb
 bounds [0x000001e700000000, 0x000001e700270000, 0x000001e700590000]
 total_blobs=4395 nmethods=3769 adapters=538
 compilation: enabled
              stopped_count=0, restarted_count=0
 full_count=0

Compilation events (20 events):
Event: 68.582 Thread 0x000001e77899f800 3785 %     2       java.util.regex.Pattern::split @ 29 (290 bytes)
Event: 68.586 Thread 0x000001e77899f800 nmethod 3785% 0x000001e700d52910 code [0x000001e700d52d00, 0x000001e700d54578]
Event: 68.607 Thread 0x000001e77899f800 3789       2       java.util.ArrayList::spliterator (12 bytes)
Event: 68.607 Thread 0x000001e77899f800 nmethod 3789 0x000001e700d55290 code [0x000001e700d55440, 0x000001e700d555f8]
Event: 68.607 Thread 0x000001e77899f800 3790       2       java.util.ArrayList$ArrayListSpliterator::<init> (26 bytes)
Event: 68.607 Thread 0x000001e77899f800 nmethod 3790 0x000001e700d55690 code [0x000001e700d55840, 0x000001e700d55998]
Event: 68.610 Thread 0x000001e778991000 nmethod 3780 0x000001e707ccd210 code [0x000001e707ccd3e0, 0x000001e707cce0d8]
Event: 68.610 Thread 0x000001e778991000 3787       4       java.util.regex.Pattern::split (290 bytes)
Event: 68.959 Thread 0x000001e778991000 nmethod 3787 0x000001e707cce710 code [0x000001e707cceaa0, 0x000001e707cd2350]
Event: 68.961 Thread 0x000001e778991000 3794       4       java.util.regex.Pattern::atom (422 bytes)
Event: 68.972 Thread 0x000001e77e939000 nmethod 3773 0x000001e707cd5110 code [0x000001e707cd55c0, 0x000001e707cdb2e0]
Event: 68.972 Thread 0x000001e77e939000 3778       4       java.util.HashMap::computeIfAbsent (330 bytes)
Event: 68.975 Thread 0x000001e77899f800 3798       2       java.util.ArrayDeque::dec (13 bytes)
Event: 68.975 Thread 0x000001e77899f800 nmethod 3798 0x000001e700d55a10 code [0x000001e700d55bc0, 0x000001e700d55cb8]
Event: 69.004 Thread 0x000001e77e939000 nmethod 3778 0x000001e707cde390 code [0x000001e707cde5a0, 0x000001e707cdf4a8]
Event: 69.004 Thread 0x000001e77e939000 3796       4       java.lang.String::split (324 bytes)
Event: 69.028 Thread 0x000001e778991000 nmethod 3794 0x000001e707cdfc90 code [0x000001e707cdfec0, 0x000001e707ce1488]
Event: 69.028 Thread 0x000001e778991000 3799       4       java.util.StringJoiner::compactElts (93 bytes)
Event: 69.073 Thread 0x000001e778991000 nmethod 3799 0x000001e707ce1e90 code [0x000001e707ce20a0, 0x000001e707ce33b8]
Event: 69.073 Thread 0x000001e778991000 3782       4       java.util.StringJoiner::toString (181 bytes)

GC Heap History (15 events):
Event: 0.851 GC heap before
{Heap before GC invocations=0 (full 0):
 garbage-first heap   total 131072K, used 20480K [0x0000000080000000, 0x0000000100000000)
  region size 1024K, 14 young (14336K), 0 survivors (0K)
 Metaspace       used 6745K, capacity 6929K, committed 7168K, reserved 1056768K
  class space    used 582K, capacity 650K, committed 768K, reserved 1048576K
}
Event: 0.857 GC heap after
{Heap after GC invocations=1 (full 0):
 garbage-first heap   total 131072K, used 7839K [0x0000000080000000, 0x0000000100000000)
  region size 1024K, 2 young (2048K), 2 survivors (2048K)
 Metaspace       used 6745K, capacity 6929K, committed 7168K, reserved 1056768K
  class space    used 582K, capacity 650K, committed 768K, reserved 1048576K
}
Event: 1.111 GC heap before
{Heap before GC invocations=1 (full 0):
 garbage-first heap   total 131072K, used 13983K [0x0000000080000000, 0x0000000100000000)
  region size 1024K, 8 young (8192K), 2 survivors (2048K)
 Metaspace       used 9112K, capacity 9349K, committed 9472K, reserved 1058816K
  class space    used 900K, capacity 972K, committed 1024K, reserved 1048576K
}
Event: 1.116 GC heap after
{Heap after GC invocations=2 (full 0):
 garbage-first heap   total 131072K, used 8798K [0x0000000080000000, 0x0000000100000000)
  region size 1024K, 1 young (1024K), 1 survivors (1024K)
 Metaspace       used 9112K, capacity 9349K, committed 9472K, reserved 1058816K
  class space    used 900K, capacity 972K, committed 1024K, reserved 1048576K
}
Event: 1.944 GC heap before
{Heap before GC invocations=2 (full 0):
 garbage-first heap   total 131072K, used 32350K [0x0000000080000000, 0x0000000100000000)
  region size 1024K, 25 young (25600K), 1 survivors (1024K)
 Metaspace       used 10803K, capacity 11013K, committed 11264K, reserved 1058816K
  class space    used 1129K, capacity 1207K, committed 1280K, reserved 1048576K
}
Event: 1.947 GC heap after
{Heap after GC invocations=3 (full 0):
 garbage-first heap   total 131072K, used 9600K [0x0000000080000000, 0x0000000100000000)
  region size 1024K, 2 young (2048K), 2 survivors (2048K)
 Metaspace       used 10803K, capacity 11013K, committed 11264K, reserved 1058816K
  class space    used 1129K, capacity 1207K, committed 1280K, reserved 1048576K
}
Event: 2.982 GC heap before
{Heap before GC invocations=3 (full 0):
 garbage-first heap   total 131072K, used 47488K [0x0000000080000000, 0x0000000100000000)
  region size 1024K, 38 young (38912K), 2 survivors (2048K)
 Metaspace       used 14087K, capacity 14429K, committed 14592K, reserved 1062912K
  class space    used 1577K, capacity 1686K, committed 1792K, reserved 1048576K
}
Event: 2.991 GC heap after
{Heap after GC invocations=4 (full 0):
 garbage-first heap   total 131072K, used 15252K [0x0000000080000000, 0x0000000100000000)
  region size 1024K, 5 young (5120K), 5 survivors (5120K)
 Metaspace       used 14087K, capacity 14429K, committed 14592K, reserved 1062912K
  class space    used 1577K, capacity 1686K, committed 1792K, reserved 1048576K
}
Event: 4.429 GC heap before
{Heap before GC invocations=4 (full 0):
 garbage-first heap   total 131072K, used 58260K [0x0000000080000000, 0x0000000100000000)
  region size 1024K, 49 young (50176K), 5 survivors (5120K)
 Metaspace       used 20742K, capacity 21156K, committed 21248K, reserved 1067008K
  class space    used 2549K, capacity 2727K, committed 2816K, reserved 1048576K
}
Event: 4.443 GC heap after
{Heap after GC invocations=5 (full 0):
 garbage-first heap   total 131072K, used 17294K [0x0000000080000000, 0x0000000100000000)
  region size 1024K, 3 young (3072K), 3 survivors (3072K)
 Metaspace       used 20742K, capacity 21156K, committed 21248K, reserved 1067008K
  class space    used 2549K, capacity 2727K, committed 2816K, reserved 1048576K
}
Event: 5.718 GC heap before
{Heap before GC invocations=6 (full 0):
 garbage-first heap   total 131072K, used 71566K [0x0000000080000000, 0x0000000100000000)
  region size 1024K, 56 young (57344K), 3 survivors (3072K)
 Metaspace       used 26476K, capacity 27068K, committed 27264K, reserved 1073152K
  class space    used 3431K, capacity 3639K, committed 3712K, reserved 1048576K
}
Event: 5.731 GC heap after
{Heap after GC invocations=7 (full 0):
 garbage-first heap   total 157696K, used 19118K [0x0000000080000000, 0x0000000100000000)
  region size 1024K, 4 young (4096K), 4 survivors (4096K)
 Metaspace       used 26476K, capacity 27068K, committed 27264K, reserved 1073152K
  class space    used 3431K, capacity 3639K, committed 3712K, reserved 1048576K
}
Event: 67.178 GC heap before
{Heap before GC invocations=7 (full 0):
 garbage-first heap   total 157696K, used 118446K [0x0000000080000000, 0x0000000100000000)
  region size 1024K, 87 young (89088K), 4 survivors (4096K)
 Metaspace       used 34795K, capacity 35744K, committed 35840K, reserved 1079296K
  class space    used 4687K, capacity 5040K, committed 5120K, reserved 1048576K
}
Event: 67.198 GC heap after
{Heap after GC invocations=8 (full 0):
 garbage-first heap   total 157696K, used 35935K [0x0000000080000000, 0x0000000100000000)
  region size 1024K, 11 young (11264K), 11 survivors (11264K)
 Metaspace       used 34795K, capacity 35744K, committed 35840K, reserved 1079296K
  class space    used 4687K, capacity 5040K, committed 5120K, reserved 1048576K
}
Event: 69.098 GC heap before
{Heap before GC invocations=9 (full 0):
 garbage-first heap   total 157696K, used 110687K [0x0000000080000000, 0x0000000100000000)
  region size 1024K, 85 young (87040K), 11 survivors (11264K)
 Metaspace       used 40266K, capacity 41418K, committed 41472K, reserved 1085440K
  class space    used 5216K, capacity 5608K, committed 5632K, reserved 1048576K
}

Deoptimization events (20 events):
Event: 68.057 Thread 0x000001e77b47b800 Uncommon trap: trap_request=0xffffff4d fr.pc=0x000001e707c182a4 relative=0x00000000000005c4
Event: 68.057 Thread 0x000001e77b47b800 Uncommon trap: reason=unstable_if action=reinterpret pc=0x000001e707c182a4 method=java.lang.StringCoding.decode(Ljava/nio/charset/Charset;[BII)Ljava/lang/StringCoding$Result; @ 4 c2
Event: 68.057 Thread 0x000001e77b47b800 DEOPT PACKING pc=0x000001e707c182a4 sp=0x000000df3bdf76d0
Event: 68.057 Thread 0x000001e77b47b800 DEOPT UNPACKING pc=0x000001e70004a1af sp=0x000000df3bdf7678 mode 2
Event: 68.218 Thread 0x000001e77b47b800 DEOPT PACKING pc=0x000001e700d34d98 sp=0x000000df3bdf75c0
Event: 68.218 Thread 0x000001e77b47b800 DEOPT UNPACKING pc=0x000001e70004a95e sp=0x000000df3bdf6ad0 mode 0
Event: 68.222 Thread 0x000001e77b47b800 DEOPT PACKING pc=0x000001e700d34d98 sp=0x000000df3bdf75c0
Event: 68.222 Thread 0x000001e77b47b800 DEOPT UNPACKING pc=0x000001e70004a95e sp=0x000000df3bdf6ad0 mode 0
Event: 68.225 Thread 0x000001e77b47b800 DEOPT PACKING pc=0x000001e700d34d98 sp=0x000000df3bdf75c0
Event: 68.225 Thread 0x000001e77b47b800 DEOPT UNPACKING pc=0x000001e70004a95e sp=0x000000df3bdf6ad0 mode 0
Event: 68.229 Thread 0x000001e77b47b800 DEOPT PACKING pc=0x000001e700d34d98 sp=0x000000df3bdf75c0
Event: 68.229 Thread 0x000001e77b47b800 DEOPT UNPACKING pc=0x000001e70004a95e sp=0x000000df3bdf6ad0 mode 0
Event: 68.580 Thread 0x000001e77b47b800 Uncommon trap: trap_request=0xffffffcc fr.pc=0x000001e707cc9b84 relative=0x0000000000002fe4
Event: 68.580 Thread 0x000001e77b47b800 Uncommon trap: reason=intrinsic_or_type_checked_inlining action=make_not_entrant pc=0x000001e707cc9b84 method=java.util.ArrayList$SubList.toArray([Ljava/lang/Object;)[Ljava/lang/Object; @ 58 c2
Event: 68.580 Thread 0x000001e77b47b800 DEOPT PACKING pc=0x000001e707cc9b84 sp=0x000000df3bdf76e0
Event: 68.580 Thread 0x000001e77b47b800 DEOPT UNPACKING pc=0x000001e70004a1af sp=0x000000df3bdf7670 mode 2
Event: 68.972 Thread 0x000001e77b47b800 Uncommon trap: trap_request=0xffffffcc fr.pc=0x000001e707cd9f0c relative=0x000000000000494c
Event: 68.972 Thread 0x000001e77b47b800 Uncommon trap: reason=intrinsic_or_type_checked_inlining action=make_not_entrant pc=0x000001e707cd9f0c method=java.util.ArrayList$SubList.toArray([Ljava/lang/Object;)[Ljava/lang/Object; @ 58 c2
Event: 68.972 Thread 0x000001e77b47b800 DEOPT PACKING pc=0x000001e707cd9f0c sp=0x000000df3bdf7880
Event: 68.972 Thread 0x000001e77b47b800 DEOPT UNPACKING pc=0x000001e70004a1af sp=0x000000df3bdf7788 mode 2

Classes redefined (0 events):
No events

Internal exceptions (20 events):
Event: 66.243 Thread 0x000001e77b47b800 Exception <a 'java/lang/NoSuchMethodError'{0x0000000086c20040}: 'java.lang.Object java.lang.invoke.DirectMethodHandle$Holder.invokeStaticInit(java.lang.Object, java.lang.Object, java.lang.Object, java.lang.Object)'> (0x0000000086c20040) thrown at [./src/hotspot/share/interpreter/linkResolver.cpp, line 773]
Event: 66.431 Thread 0x000001e77b47b800 Implicit null exception at 0x000001e707baaf75 to 0x000001e707bab13c
Event: 66.431 Thread 0x000001e77b47b800 Implicit null exception at 0x000001e707b871af to 0x000001e707b8721d
Event: 66.673 Thread 0x000001e77b47b800 Exception <a 'java/lang/NoSuchMethodError'{0x0000000085b65818}: 'java.lang.Object java.lang.invoke.Invokers$Holder.linkToTargetMethod(java.lang.Object, java.lang.Object, java.lang.Object, java.lang.Object, java.lang.Object, java.lang.Object, java.lang.Object, java.lang.Object)'> (0x0000000085b65818) thrown at [./src/hotspot/share/interpreter/linkResolver.cpp, line 773]
Event: 66.680 Thread 0x000001e77b47b800 Exception <a 'java/lang/NoSuchMethodError'{0x0000000085bb2c40}: 'java.lang.Object java.lang.invoke.Invokers$Holder.linkToTargetMethod(java.lang.Object, java.lang.Object, java.lang.Object, java.lang.Object, java.lang.Object, java.lang.Object, java.lang.Object)'> (0x0000000085bb2c40) thrown at [./src/hotspot/share/interpreter/linkResolver.cpp, line 773]
Event: 66.686 Thread 0x000001e77b47b800 Exception <a 'java/lang/IncompatibleClassChangeError'{0x0000000085bf1380}: Found class java.lang.Object, but interface was expected> (0x0000000085bf1380) thrown at [./src/hotspot/share/interpreter/linkResolver.cpp, line 839]
Event: 67.011 Thread 0x000001e77b47b800 Exception <a 'java/lang/NoSuchMethodError'{0x0000000084cafcf0}: 'int java.lang.invoke.DirectMethodHandle$Holder.invokeStatic(java.lang.Object, java.lang.Object, java.lang.Object, java.lang.Object, java.lang.Object)'> (0x0000000084cafcf0) thrown at [./src/hotspot/share/interpreter/linkResolver.cpp, line 773]
Event: 67.262 Thread 0x000001e77b47b800 Exception <a 'java/lang/NoSuchMethodError'{0x0000000089871ef0}: 'void java.lang.invoke.DirectMethodHandle$Holder.invokeStaticInit(java.lang.Object, java.lang.Object, java.lang.Object)'> (0x0000000089871ef0) thrown at [./src/hotspot/share/interpreter/linkResolver.cpp, line 773]
Event: 67.270 Thread 0x000001e77b47b800 Exception <a 'java/lang/NoSuchMethodError'{0x00000000898a6248}: 'void java.lang.invoke.DirectMethodHandle$Holder.invokeStaticInit(java.lang.Object, java.lang.Object, java.lang.Object, java.lang.Object, java.lang.Object)'> (0x00000000898a6248) thrown at [./src/hotspot/share/interpreter/linkResolver.cpp, line 773]
Event: 67.398 Thread 0x000001e77b47b800 Exception <a 'java/lang/NoSuchMethodError'{0x000000008975d840}: 'int java.lang.invoke.DirectMethodHandle$Holder.invokeStaticInit(java.lang.Object, java.lang.Object, java.lang.Object, java.lang.Object)'> (0x000000008975d840) thrown at [./src/hotspot/share/interpreter/linkResolver.cpp, line 773]
Event: 67.822 Thread 0x000001e77b47b800 Exception <a 'java/lang/NoSuchMethodError'{0x0000000088e195d0}: 'java.lang.Object java.lang.invoke.DirectMethodHandle$Holder.invokeStatic(java.lang.Object, java.lang.Object, java.lang.Object, java.lang.Object, java.lang.Object, java.lang.Object, java.lang.Object, java.lang.Object, java.lang.Object, java.lang.Object, java.lang.Object, int)'> (0x0000000088e195d0) thrown at [./src/hotspot/share/interpreter/linkResolver.cpp, line 773]
Event: 67.828 Thread 0x000001e77b47b800 Exception <a 'java/lang/NoSuchMethodError'{0x0000000088e384c0}: 'java.lang.Object java.lang.invoke.DirectMethodHandle$Holder.invokeStatic(java.lang.Object, java.lang.Object, java.lang.Object, java.lang.Object, java.lang.Object, java.lang.Object, java.lang.Object, java.lang.Object, java.lang.Object, java.lang.Object, java.lang.Object, int, int)'> (0x0000000088e384c0) thrown at [./src/hotspot/share/interpreter/linkResolver.cpp, line 773]
Event: 67.831 Thread 0x000001e77b47b800 Exception <a 'java/lang/NoSuchMethodError'{0x0000000088e58240}: 'java.lang.Object java.lang.invoke.DirectMethodHandle$Holder.invokeStatic(java.lang.Object, java.lang.Object, java.lang.Object, java.lang.Object, java.lang.Object, java.lang.Object, java.lang.Object, java.lang.Object, java.lang.Object, java.lang.Object, java.lang.Object, int, int, java.lang.Object)'> (0x0000000088e58240) thrown at [./src/hotspot/share/interpreter/linkResolver.cpp, line 773]
Event: 67.834 Thread 0x000001e77b47b800 Exception <a 'java/lang/NoSuchMethodError'{0x0000000088e79888}: 'java.lang.Object java.lang.invoke.DirectMethodHandle$Holder.invokeStatic(java.lang.Object, java.lang.Object, java.lang.Object, java.lang.Object, java.lang.Object, java.lang.Object, java.lang.Object, java.lang.Object, java.lang.Object, java.lang.Object, java.lang.Object, int, int, java.lang.Object, java.lang.Object)'> (0x0000000088e79888) thrown at [./src/hotspot/share/interpreter/linkResolver.cpp, line 773]
Event: 67.841 Thread 0x000001e77b47b800 Exception <a 'java/lang/ClassNotFoundException'{0x0000000088eaae28}: groovy/lang/ExpandoMetaClassBeanInfo> (0x0000000088eaae28) thrown at [./src/hotspot/share/classfile/systemDictionary.cpp, line 231]
Event: 67.846 Thread 0x000001e77b47b800 Exception <a 'java/lang/ClassNotFoundException'{0x0000000088ecc408}: groovy/lang/MetaClassImplBeanInfo> (0x0000000088ecc408) thrown at [./src/hotspot/share/classfile/systemDictionary.cpp, line 231]
Event: 67.847 Thread 0x000001e77b47b800 Exception <a 'java/lang/ClassNotFoundException'{0x0000000088ed6160}: java/lang/ObjectBeanInfo> (0x0000000088ed6160) thrown at [./src/hotspot/share/classfile/systemDictionary.cpp, line 231]
Event: 67.848 Thread 0x000001e77b47b800 Exception <a 'java/lang/ClassNotFoundException'{0x0000000088ee22f8}: java/lang/ObjectCustomizer> (0x0000000088ee22f8) thrown at [./src/hotspot/share/classfile/systemDictionary.cpp, line 231]
Event: 67.857 Thread 0x000001e77b47b800 Exception <a 'java/lang/ClassNotFoundException'{0x0000000088d0aae0}: groovy/lang/MetaClassImplCustomizer> (0x0000000088d0aae0) thrown at [./src/hotspot/share/classfile/systemDictionary.cpp, line 231]
Event: 67.862 Thread 0x000001e77b47b800 Exception <a 'java/lang/ClassNotFoundException'{0x0000000088d4bae0}: groovy/lang/ExpandoMetaClassCustomizer> (0x0000000088d4bae0) thrown at [./src/hotspot/share/classfile/systemDictionary.cpp, line 231]

Events (20 events):
Event: 68.138 loading class jdk/internal/jimage/ImageReader$Directory done
Event: 68.138 loading class jdk/internal/jrtfs/SystemImage$1
Event: 68.138 loading class jdk/internal/jrtfs/SystemImage$1 done
Event: 68.138 loading class jdk/internal/jrtfs/JrtFileAttributeView
Event: 68.138 loading class jdk/internal/jrtfs/JrtFileAttributeView done
Event: 68.139 loading class jdk/internal/jimage/ImageReader$SharedImageReader$LocationVisitor
Event: 68.139 loading class jdk/internal/jimage/ImageReader$SharedImageReader$LocationVisitor done
Event: 68.139 loading class java/nio/ByteBufferAsIntBufferL
Event: 68.140 loading class java/nio/ByteBufferAsIntBufferL done
Event: 68.140 loading class jdk/internal/jrtfs/JrtFileAttributes
Event: 68.140 loading class jdk/internal/jrtfs/JrtFileAttributes done
Event: 68.140 loading class jdk/internal/jrtfs/JrtDirectoryStream
Event: 68.140 loading class jdk/internal/jrtfs/JrtDirectoryStream done
Event: 68.141 loading class jdk/internal/jrtfs/JrtDirectoryStream$1
Event: 68.141 loading class jdk/internal/jrtfs/JrtDirectoryStream$1 done
Event: 68.142 loading class java/util/function/BooleanSupplier
Event: 68.142 loading class java/util/function/BooleanSupplier done
Event: 68.143 loading class jdk/internal/jimage/ImageReader$Resource
Event: 68.143 loading class jdk/internal/jimage/ImageReader$Resource done
Event: 69.098 Executing VM operation: G1CollectForAllocation


Dynamic libraries:
0x00007ff6e7ff0000 - 0x00007ff6e7ffa000 	C:\Program Files\Android\Android Studio\jre\bin\java.exe
0x00007ffd5b350000 - 0x00007ffd5b546000 	C:\Windows\SYSTEM32\ntdll.dll
0x00007ffd5b250000 - 0x00007ffd5b30d000 	C:\Windows\System32\KERNEL32.DLL
0x00007ffd58d10000 - 0x00007ffd58fd8000 	C:\Windows\System32\KERNELBASE.dll
0x00007ffd58fe0000 - 0x00007ffd590e0000 	C:\Windows\System32\ucrtbase.dll
0x00007ffd4bc80000 - 0x00007ffd4bc99000 	C:\Program Files\Android\Android Studio\jre\bin\jli.dll
0x00007ffd4bbf0000 - 0x00007ffd4bc07000 	C:\Program Files\Android\Android Studio\jre\bin\VCRUNTIME140.dll
0x00007ffd59e70000 - 0x00007ffd5a010000 	C:\Windows\System32\USER32.dll
0x00007ffd58c30000 - 0x00007ffd58c52000 	C:\Windows\System32\win32u.dll
0x00007ffd45600000 - 0x00007ffd4589b000 	C:\Windows\WinSxS\amd64_microsoft.windows.common-controls_6595b64144ccf1df_6.0.19041.488_none_ca04af081b815d21\COMCTL32.dll
0x00007ffd59d90000 - 0x00007ffd59dba000 	C:\Windows\System32\GDI32.dll
0x00007ffd5ae50000 - 0x00007ffd5aeee000 	C:\Windows\System32\msvcrt.dll
0x00007ffd592a0000 - 0x00007ffd593a9000 	C:\Windows\System32\gdi32full.dll
0x00007ffd58a90000 - 0x00007ffd58b2d000 	C:\Windows\System32\msvcp_win.dll
0x00007ffd5b220000 - 0x00007ffd5b250000 	C:\Windows\System32\IMM32.DLL
0x00007ffd40220000 - 0x00007ffd402bd000 	C:\Program Files\Android\Android Studio\jre\bin\msvcp140.dll
0x00007ffd2e520000 - 0x00007ffd2f005000 	C:\Program Files\Android\Android Studio\jre\bin\server\jvm.dll
0x00007ffd5a650000 - 0x00007ffd5a6fc000 	C:\Windows\System32\ADVAPI32.dll
0x00007ffd5a530000 - 0x00007ffd5a5cb000 	C:\Windows\System32\sechost.dll
0x00007ffd5a390000 - 0x00007ffd5a4b4000 	C:\Windows\System32\RPCRT4.dll
0x00007ffd598a0000 - 0x00007ffd598a8000 	C:\Windows\System32\PSAPI.DLL
0x00007ffd54530000 - 0x00007ffd54539000 	C:\Windows\SYSTEM32\WSOCK32.dll
0x00007ffd5a4c0000 - 0x00007ffd5a52b000 	C:\Windows\System32\WS2_32.dll
0x00007ffd4ff80000 - 0x00007ffd4ffa7000 	C:\Windows\SYSTEM32\WINMM.dll
0x00007ffd4ffb0000 - 0x00007ffd4ffba000 	C:\Windows\SYSTEM32\VERSION.dll
0x00007ffd569e0000 - 0x00007ffd569f2000 	C:\Windows\SYSTEM32\kernel.appcore.dll
0x00007ffd54100000 - 0x00007ffd54111000 	C:\Program Files\Android\Android Studio\jre\bin\verify.dll
0x00007ffd3c420000 - 0x00007ffd3c604000 	C:\Windows\SYSTEM32\DBGHELP.DLL
0x00007ffd3c3f0000 - 0x00007ffd3c41c000 	C:\Windows\SYSTEM32\dbgcore.DLL
0x00007ffd58b30000 - 0x00007ffd58baf000 	C:\Windows\System32\bcryptPrimitives.dll
0x00007ffd53d90000 - 0x00007ffd53db9000 	C:\Program Files\Android\Android Studio\jre\bin\java.dll
0x00007ffd54520000 - 0x00007ffd5452b000 	C:\Program Files\Android\Android Studio\jre\bin\jimage.dll
0x00007ffd540e0000 - 0x00007ffd540f8000 	C:\Program Files\Android\Android Studio\jre\bin\zip.dll
0x00007ffd5a700000 - 0x00007ffd5ae41000 	C:\Windows\System32\SHELL32.dll
0x00007ffd56be0000 - 0x00007ffd57375000 	C:\Windows\SYSTEM32\windows.storage.dll
0x00007ffd598b0000 - 0x00007ffd59c05000 	C:\Windows\System32\combase.dll
0x00007ffd58500000 - 0x00007ffd5852c000 	C:\Windows\SYSTEM32\Wldp.dll
0x00007ffd59dc0000 - 0x00007ffd59e6e000 	C:\Windows\System32\SHCORE.dll
0x00007ffd5a150000 - 0x00007ffd5a1a5000 	C:\Windows\System32\shlwapi.dll
0x00007ffd589c0000 - 0x00007ffd589e6000 	C:\Windows\SYSTEM32\profapi.dll
0x00007ffd53d70000 - 0x00007ffd53d8a000 	C:\Program Files\Android\Android Studio\jre\bin\net.dll
0x00007ffd4c940000 - 0x00007ffd4ca40000 	C:\Windows\SYSTEM32\WINHTTP.dll
0x00007ffd58280000 - 0x00007ffd582ea000 	C:\Windows\system32\mswsock.dll
0x00007ffd4dc70000 - 0x00007ffd4dc84000 	C:\Program Files\Android\Android Studio\jre\bin\nio.dll
0x00007ffd4b560000 - 0x00007ffd4b587000 	C:\Users\Mahadev\.gradle\native\e1d6ef7f7dcc3fd88c89a11ec53ec762bb8ba0a96d01ffa2cd45eb1d1d8dd5c5\windows-amd64\native-platform.dll
0x00007ffd400d0000 - 0x00007ffd40214000 	C:\Users\Mahadev\.gradle\native\5664cfc778a61ccfe75a443a1ab52a65af34e5dc3c78e0209fed803814484fcb\windows-amd64\native-platform-file-events.dll
0x00007ffd52660000 - 0x00007ffd5266a000 	C:\Program Files\Android\Android Studio\jre\bin\management.dll
0x00007ffd52150000 - 0x00007ffd5215d000 	C:\Program Files\Android\Android Studio\jre\bin\management_ext.dll
0x00007ffd58450000 - 0x00007ffd58468000 	C:\Windows\SYSTEM32\CRYPTSP.dll
0x00007ffd57ba0000 - 0x00007ffd57bd4000 	C:\Windows\system32\rsaenh.dll
0x00007ffd58c00000 - 0x00007ffd58c27000 	C:\Windows\System32\bcrypt.dll
0x00007ffd58980000 - 0x00007ffd589ae000 	C:\Windows\SYSTEM32\USERENV.dll
0x00007ffd58470000 - 0x00007ffd5847c000 	C:\Windows\SYSTEM32\CRYPTBASE.dll
0x00007ffd57f20000 - 0x00007ffd57f5b000 	C:\Windows\SYSTEM32\IPHLPAPI.DLL
0x00007ffd59d80000 - 0x00007ffd59d88000 	C:\Windows\System32\NSI.dll
0x00007ffd4e490000 - 0x00007ffd4e4a7000 	C:\Windows\SYSTEM32\dhcpcsvc6.DLL
0x00007ffd4e470000 - 0x00007ffd4e48d000 	C:\Windows\SYSTEM32\dhcpcsvc.DLL
0x00007ffd57f70000 - 0x00007ffd5803b000 	C:\Windows\SYSTEM32\DNSAPI.dll

dbghelp: loaded successfully - version: 4.0.5 - missing functions: none
symbol engine: initialized successfully - sym options: 0x614 - pdb path: .;C:\Program Files\Android\Android Studio\jre\bin;C:\Windows\SYSTEM32;C:\Windows\WinSxS\amd64_microsoft.windows.common-controls_6595b64144ccf1df_6.0.19041.488_none_ca04af081b815d21;C:\Program Files\Android\Android Studio\jre\bin\server;C:\Users\Mahadev\.gradle\native\e1d6ef7f7dcc3fd88c89a11ec53ec762bb8ba0a96d01ffa2cd45eb1d1d8dd5c5\windows-amd64;C:\Users\Mahadev\.gradle\native\5664cfc778a61ccfe75a443a1ab52a65af34e5dc3c78e0209fed803814484fcb\windows-amd64

VM Arguments:
jvm_args: --add-opens=java.base/java.util=ALL-UNNAMED --add-opens=java.base/java.lang=ALL-UNNAMED --add-opens=java.base/java.lang.invoke=ALL-UNNAMED --add-opens=java.base/java.util=ALL-UNNAMED --add-opens=java.prefs/java.util.prefs=ALL-UNNAMED --add-opens=java.prefs/java.util.prefs=ALL-UNNAMED --add-opens=java.base/java.nio.charset=ALL-UNNAMED --add-opens=java.base/java.net=ALL-UNNAMED --add-opens=java.base/java.util.concurrent.atomic=ALL-UNNAMED -Xmx2048m -Dfile.encoding=UTF-8 -Duser.country=US -Duser.language=en -Duser.variant 
java_command: org.gradle.launcher.daemon.bootstrap.GradleDaemon 7.3.3
java_class_path (initial): C:\Users\Mahadev\.gradle\wrapper\dists\gradle-7.3.3-bin\6a41zxkdtcxs8rphpq6y0069z\gradle-7.3.3\lib\gradle-launcher-7.3.3.jar
Launcher Type: SUN_STANDARD

[Global flags]
     intx CICompilerCount                          = 3                                         {product} {ergonomic}
     uint ConcGCThreads                            = 1                                         {product} {ergonomic}
     uint G1ConcRefinementThreads                  = 4                                         {product} {ergonomic}
   size_t G1HeapRegionSize                         = 1048576                                   {product} {ergonomic}
    uintx GCDrainStackTargetSize                   = 64                                        {product} {ergonomic}
   size_t InitialHeapSize                          = 134217728                                 {product} {ergonomic}
   size_t MarkStackSize                            = 4194304                                   {product} {ergonomic}
   size_t MaxHeapSize                              = 2147483648                                {product} {command line}
   size_t MaxNewSize                               = 1287651328                                {product} {ergonomic}
   size_t MinHeapDeltaBytes                        = 1048576                                   {product} {ergonomic}
    uintx NonNMethodCodeHeapSize                   = 5830732                                {pd product} {ergonomic}
    uintx NonProfiledCodeHeapSize                  = 122913754                              {pd product} {ergonomic}
    uintx ProfiledCodeHeapSize                     = 122913754                              {pd product} {ergonomic}
    uintx ReservedCodeCacheSize                    = 251658240                              {pd product} {ergonomic}
     bool SegmentedCodeCache                       = true                                      {product} {ergonomic}
     bool UseCompressedClassPointers               = true                                 {lp64_product} {ergonomic}
     bool UseCompressedOops                        = true                                 {lp64_product} {ergonomic}
     bool UseG1GC                                  = true                                      {product} {ergonomic}
     bool UseLargePagesIndividualAllocation        = false                                  {pd product} {ergonomic}

Logging:
Log output configuration:
 #0: stdout all=warning uptime,level,tags
 #1: stderr all=off uptime,level,tags

Environment Variables:
PATH=C:\Program Files\Microsoft\jdk-11.0.12.7-hotspot\bin;"C:\Program Files\Common Files\Oracle\Java\javapath;C:\Program Files\Java\jdk\bin;C:\Program Files\Java\jre\bin";C:\Windows\system32;C:\Windows;C:\Windows\System32\Wbem;C:\Windows\System32\WindowsPowerShell\v1.0\;C:\Windows\System32\OpenSSH\;C:\Program Files (x86)\ATI Technologies\ATI.ACE\Core-Static;C:\php8;C:\composer;C:\Program Files\Microsoft SQL Server\150\Tools\Binn\;C:\Program Files\Microsoft SQL Server\Client SDK\ODBC\170\Tools\Binn\;C:\Program Files\dotnet\;C:\Users\Mahadev\AppData\Local\Programs\Python\Python310\bin;C:\Users\Mahadev\AppData\Local\Programs\Python\Python310\;C:\Program Files\Java\jdk\bin;C:\Users\Mahadev\AppData\Roaming\Composer\vendor\bin;C:\Users\Mahadev\.dotnet\tools
USERNAME=Bansi Hada
OS=Windows_NT
PROCESSOR_IDENTIFIER=Intel64 Family 6 Model 42 Stepping 7, GenuineIntel



---------------  S Y S T E M  ---------------

OS: Windows 10 , 64 bit Build 19041 (10.0.19041.546)
OS uptime: 1 days 5:58 hours

CPU:total 4 (initial active 4) (2 cores per cpu, 2 threads per core) family 6 model 42 stepping 7 microcode 0x2f, cmov, cx8, fxsr, mmx, sse, sse2, sse3, ssse3, sse4.1, sse4.2, popcnt, avx, aes, clmul, ht, tsc, tscinvbit

Memory: 4k page, system-wide physical 8103M (3516M free)
TotalPageFile size 9383M (AvailPageFile size 5148M)
current process WorkingSet (physical memory assigned to process): 291M, peak: 291M
current process commit charge ("private bytes"): 343M, peak: 351M

vm_info: OpenJDK 64-Bit Server VM (11.0.12+7-b1504.28-7817840) for windows-amd64 JRE (11.0.12+7-b1504.28-7817840), built on Oct 13 2021 22:12:33 by "builder" with MS VC++ 14.0 (VS2015)

END.
